Warning: This is a nightly build of Foundry. It is recommended to use the latest stable version. To mute this warning set `FOUNDRY_DISABLE_NIGHTLY_WARNING` in your environment. 

No files changed, compilation skipped
Script ran successfully.

== Logs ==
  ==========================================================
  Deploying Upgrade Implementations
  ==========================================================
  Chain ID: 16661
  Deployer: 0xA9DdD91249DFdd450E81E1c56Ab60E1A62651701
  
  Deploying DistributionCreator implementation...
  DistributionCreator Implementation: 0xF0D2DbE40d56616470a756d8457697b604BdC91A
  Deploying Distributor implementation...
  Distributor Implementation: 0xDcC1bcC6eCD1E63cBA178C289bC1dA9f757a2eF4
  Deployment data saved to: ./deployments/0g-upgrade-implementations.json
  
  ==========================================================
  Deployment Complete!
  ==========================================================
  Deployment file saved to: ./deployments/0g-upgrade-implementations.json
  
  Next steps:
  1. Verify the implementations on block explorer if not auto-verified
  2. Use these addresses to create Gnosis Safe upgrade transactions
  ==========================================================

SKIPPING ON CHAIN SIMULATION.

Transactions saved to: /Users/pabloveyrat/Documents/Angle/Dev/merkl-contracts/broadcast/deployUpgradeImplementationsSingle.s.sol/16661/run-latest.json

Sensitive values saved to: /Users/pabloveyrat/Documents/Angle/Dev/merkl-contracts/cache-forge/deployUpgradeImplementationsSingle.s.sol/16661/run-latest.json

Error: Failed to send transaction after 4 attempts Err(server returned an error response: error code -32000: transaction gas price below minimum: gas tip cap 1, minimum needed 2000000000)

Context:
- Failed to build transaction: AnyTxType(2) transaction can't be built due to missing keys: ["gas_limit"]
