Warning: This is a nightly build of Foundry. It is recommended to use the latest stable version. To mute this warning set `FOUNDRY_DISABLE_NIGHTLY_WARNING` in your environment. 

No files changed, compilation skipped
Warning: EIP-3855 is not supported in one or more of the RPCs used.
Unsupported Chain IDs: 59144.
Contracts deployed with a Solidity version equal or higher than 0.8.20 might not work properly.
For more information, please see https://eips.ethereum.org/EIPS/eip-3855
Script ran successfully.

== Logs ==
  ==========================================================
  Deploying Upgrade Implementations
  ==========================================================
  Chain ID: 59144
  Deployer: 0xA9DdD91249DFdd450E81E1c56Ab60E1A62651701
  
  Deploying DistributionCreator implementation...
  DistributionCreator Implementation: 0xa4d44BCc739D0743cf34912A27C24312815b20BB
  Deploying Distributor implementation...
  Distributor Implementation: 0xF7F57b43b100b0f6D90C47282B1F6BCaCf4808C0
  Deployment data saved to: ./deployments/linea-upgrade-implementations.json
  
  ==========================================================
  Deployment Complete!
  ==========================================================
  Deployment file saved to: ./deployments/linea-upgrade-implementations.json
  
  Next steps:
  1. Verify the implementations on block explorer if not auto-verified
  2. Use these addresses to create Gnosis Safe upgrade transactions
  ==========================================================

SKIPPING ON CHAIN SIMULATION.

Transactions saved to: /Users/pabloveyrat/Documents/Angle/Dev/merkl-contracts/broadcast/deployUpgradeImplementationsSingle.s.sol/59144/run-latest.json

Sensitive values saved to: /Users/pabloveyrat/Documents/Angle/Dev/merkl-contracts/cache-forge/deployUpgradeImplementationsSingle.s.sol/59144/run-latest.json

Error: Failed to send transaction after 4 attempts Err(Failed to estimate gas for tx

Context:
- server returned an error response: error code -32000: contract creation code storage out of gas)

Context:
- Failed to build transaction: AnyTxType(2) transaction can't be built due to missing keys: ["gas_limit"]
