Warning: This is a nightly build of Foundry. It is recommended to use the latest stable version. To mute this warning set `FOUNDRY_DISABLE_NIGHTLY_WARNING` in your environment. 

No files changed, compilation skipped
Script ran successfully.

== Logs ==
  ==========================================================
  Deploying Upgrade Implementations
  ==========================================================
  Chain ID: 5000
  Deployer: 0xA9DdD91249DFdd450E81E1c56Ab60E1A62651701
  
  Deploying DistributionCreator implementation...
  DistributionCreator Implementation: 0xE23F6bEf0Abdd3C23B609e86d9fa5b3bF81CD25E
  Deploying Distributor implementation...
  Distributor Implementation: 0x60b5bA66e999DD79D8110383d49E3D7B1874B71C
  Deployment data saved to: ./deployments/mantle-upgrade-implementations.json
  
  ==========================================================
  Deployment Complete!
  ==========================================================
  Deployment file saved to: ./deployments/mantle-upgrade-implementations.json
  
  Next steps:
  1. Verify the implementations on block explorer if not auto-verified
  2. Use these addresses to create Gnosis Safe upgrade transactions
  ==========================================================

SKIPPING ON CHAIN SIMULATION.


==========================

ONCHAIN EXECUTION COMPLETE & SUCCESSFUL.
##
Start verification for (2) contracts
Start verifying contract `0xE23F6bEf0Abdd3C23B609e86d9fa5b3bF81CD25E` deployed on mantle
EVM version: cancun
Compiler version: 0.8.25
Optimizations:    100

Submitting verification for [contracts/DistributionCreator.sol:DistributionCreator] 0xE23F6bEf0Abdd3C23B609e86d9fa5b3bF81CD25E.
Submitted contract for verification:
	Response: `OK`
	GUID: `ayny9hjr24patyjiqpfab8lymecvjwmeefb1bs5ebmkn8zmazh`
	URL: https://mantlescan.xyz/address/0xe23f6bef0abdd3c23b609e86d9fa5b3bf81cd25e
Contract verification status:
Response: `NOTOK`
Details: `Pending in queue`
Warning: Verification is still pending...; waiting 15 seconds before trying again (7 tries remaining)
Contract verification status:
Response: `OK`
Details: `Pass - Verified`
Contract successfully verified
Start verifying contract `0x60b5bA66e999DD79D8110383d49E3D7B1874B71C` deployed on mantle
EVM version: cancun
Compiler version: 0.8.25
Optimizations:    100

Submitting verification for [contracts/Distributor.sol:Distributor] 0x60b5bA66e999DD79D8110383d49E3D7B1874B71C.
Submitted contract for verification:
	Response: `OK`
	GUID: `suzft3lpbvwp8yhbvmnjhykbzpnqqdr3xs3t5ymyemgz9memfx`
	URL: https://mantlescan.xyz/address/0x60b5ba66e999dd79d8110383d49e3d7b1874b71c
Contract verification status:
Response: `NOTOK`
Details: `Pending in queue`
Warning: Verification is still pending...; waiting 15 seconds before trying again (7 tries remaining)
Contract verification status:
Response: `OK`
Details: `Pass - Verified`
Contract successfully verified
All (2) contracts were verified!

Transactions saved to: /Users/pabloveyrat/Documents/Angle/Dev/merkl-contracts/broadcast/deployUpgradeImplementationsSingle.s.sol/5000/run-latest.json

Sensitive values saved to: /Users/pabloveyrat/Documents/Angle/Dev/merkl-contracts/cache-forge/deployUpgradeImplementationsSingle.s.sol/5000/run-latest.json

