Warning: This is a nightly build of Foundry. It is recommended to use the latest stable version. To mute this warning set `FOUNDRY_DISABLE_NIGHTLY_WARNING` in your environment. 

No files changed, compilation skipped
Script ran successfully.

== Logs ==
  ==========================================================
  Deploying Upgrade Implementations
  ==========================================================
  Chain ID: 31612
  Deployer: 0xA9DdD91249DFdd450E81E1c56Ab60E1A62651701
  
  Deploying DistributionCreator implementation...
  DistributionCreator Implementation: 0xE3B03b4c1D4d1C33CAB32cc304C66C2cBdFD40b7
  Deploying Distributor implementation...
  Distributor Implementation: 0xb8021254f00C1aFb67b861f274cea175FB97c2Af
  Deployment data saved to: ./deployments/mezo-upgrade-implementations.json
  
  ==========================================================
  Deployment Complete!
  ==========================================================
  Deployment file saved to: ./deployments/mezo-upgrade-implementations.json
  
  Next steps:
  1. Verify the implementations on block explorer if not auto-verified
  2. Use these addresses to create Gnosis Safe upgrade transactions
  ==========================================================

SKIPPING ON CHAIN SIMULATION.

Transactions saved to: /Users/pabloveyrat/Documents/Angle/Dev/merkl-contracts/broadcast/deployUpgradeImplementationsSingle.s.sol/31612/run-latest.json

Sensitive values saved to: /Users/pabloveyrat/Documents/Angle/Dev/merkl-contracts/cache-forge/deployUpgradeImplementationsSingle.s.sol/31612/run-latest.json

Error: Failed to send transaction after 4 attempts Err(Failed to estimate gas for tx

Context:
- server returned an error response: error code -32000: rpc error: code = Unknown desc = invalid opcode: PUSH0)

Context:
- Failed to build transaction: AnyTxType(2) transaction can't be built due to missing keys: ["gas_limit"]
