Warning: This is a nightly build of Foundry. It is recommended to use the latest stable version. To mute this warning set `FOUNDRY_DISABLE_NIGHTLY_WARNING` in your environment. 

No files changed, compilation skipped
Script ran successfully.

== Logs ==
  ==========================================================
  Deploying Upgrade Implementations
  ==========================================================
  Chain ID: 143
  Deployer: 0xA9DdD91249DFdd450E81E1c56Ab60E1A62651701
  
  Deploying DistributionCreator implementation...
  DistributionCreator Implementation: 0x1d643967Ede81B728c5C0d9fAd05D9dC606E4F58
  Deploying Distributor implementation...
  Distributor Implementation: 0x3F0fA7847b1B2E4515a93e05B29f115D9BB51D85
  Deployment data saved to: ./deployments/monad-upgrade-implementations.json
  
  ==========================================================
  Deployment Complete!
  ==========================================================
  Deployment file saved to: ./deployments/monad-upgrade-implementations.json
  
  Next steps:
  1. Verify the implementations on block explorer if not auto-verified
  2. Use these addresses to create Gnosis Safe upgrade transactions
  ==========================================================

SKIPPING ON CHAIN SIMULATION.


==========================

ONCHAIN EXECUTION COMPLETE & SUCCESSFUL.
##
Start verification for (2) contracts
Start verifying contract `0x1d643967Ede81B728c5C0d9fAd05D9dC606E4F58` deployed on monad
EVM version: cancun
Compiler version: 0.8.25
Optimizations:    100

Submitting verification for [contracts/DistributionCreator.sol:DistributionCreator] 0x1d643967Ede81B728c5C0d9fAd05D9dC606E4F58.
Submitted contract for verification:
	Response: `OK`
	GUID: `z4yvfvi8nygwvaytkk8x7ccth6chp3ppuqdmzwwzmzbln7mqjt`
	URL: https://monadscan.com/address/0x1d643967ede81b728c5c0d9fad05d9dc606e4f58
Contract verification status:
Response: `NOTOK`
Details: `Pending in queue`
Warning: Verification is still pending...; waiting 15 seconds before trying again (7 tries remaining)
Contract verification status:
Response: `OK`
Details: `Pass - Verified`
Contract successfully verified
Start verifying contract `0x3F0fA7847b1B2E4515a93e05B29f115D9BB51D85` deployed on monad
EVM version: cancun
Compiler version: 0.8.25
Optimizations:    100

Submitting verification for [contracts/Distributor.sol:Distributor] 0x3F0fA7847b1B2E4515a93e05B29f115D9BB51D85.
Submitted contract for verification:
	Response: `OK`
	GUID: `p1kclmtfe9jbkjbtuvwkuqq8jzcq5akcpwdndresjjgmgbpgbv`
	URL: https://monadscan.com/address/0x3f0fa7847b1b2e4515a93e05b29f115d9bb51d85
Contract verification status:
Response: `NOTOK`
Details: `Pending in queue`
Warning: Verification is still pending...; waiting 15 seconds before trying again (7 tries remaining)
Contract verification status:
Response: `OK`
Details: `Pass - Verified`
Contract successfully verified
All (2) contracts were verified!

Transactions saved to: /Users/pabloveyrat/Documents/Angle/Dev/merkl-contracts/broadcast/deployUpgradeImplementationsSingle.s.sol/143/run-latest.json

Sensitive values saved to: /Users/pabloveyrat/Documents/Angle/Dev/merkl-contracts/cache-forge/deployUpgradeImplementationsSingle.s.sol/143/run-latest.json

