Warning: This is a nightly build of Foundry. It is recommended to use the latest stable version. To mute this warning set `FOUNDRY_DISABLE_NIGHTLY_WARNING` in your environment. 

No files changed, compilation skipped
Script ran successfully.

== Logs ==
  ==========================================================
  Deploying Upgrade Implementations
  ==========================================================
  Chain ID: 137
  Deployer: 0xA9DdD91249DFdd450E81E1c56Ab60E1A62651701
  
  Deploying DistributionCreatorWithDistributions implementation (Polygon)...
  DistributionCreatorWithDistributions Implementation: 0x6CF5A6F2794B4d5827a5364652a53aE80509545c
  Deploying Distributor implementation...
  Distributor Implementation: 0x48978D35F6751582e0F5b5d7e38151db1278c800
  Deployment data saved to: ./deployments/polygon-upgrade-implementations.json
  
  ==========================================================
  Deployment Complete!
  ==========================================================
  Deployment file saved to: ./deployments/polygon-upgrade-implementations.json
  
  Next steps:
  1. Verify the implementations on block explorer if not auto-verified
  2. Use these addresses to create Gnosis Safe upgrade transactions
  ==========================================================

SKIPPING ON CHAIN SIMULATION.


==========================

ONCHAIN EXECUTION COMPLETE & SUCCESSFUL.
##
Start verification for (2) contracts
Start verifying contract `0x6CF5A6F2794B4d5827a5364652a53aE80509545c` deployed on polygon
EVM version: cancun
Compiler version: 0.8.25
Optimizations:    100

Submitting verification for [contracts/DistributionCreatorWithDistributions.sol:DistributionCreatorWithDistributions] 0x6CF5A6F2794B4d5827a5364652a53aE80509545c.
Warning: Could not detect deployment: Unable to locate ContractCode at 0x6cf5a6f2794b4d5827a5364652a53ae80509545c; waiting 5 seconds before trying again (4 tries remaining)

Submitting verification for [contracts/DistributionCreatorWithDistributions.sol:DistributionCreatorWithDistributions] 0x6CF5A6F2794B4d5827a5364652a53aE80509545c.
Submitted contract for verification:
	Response: `OK`
	GUID: `lygumnsssrn8f8lecjhrlm67f5yjardvm178kake3qlhkld7jm`
	URL: https://polygonscan.com/address/0x6cf5a6f2794b4d5827a5364652a53ae80509545c
Contract verification status:
Response: `NOTOK`
Details: `Pending in queue`
Warning: Verification is still pending...; waiting 15 seconds before trying again (7 tries remaining)
Contract verification status:
Response: `OK`
Details: `Pass - Verified`
Contract successfully verified
Start verifying contract `0x48978D35F6751582e0F5b5d7e38151db1278c800` deployed on polygon
EVM version: cancun
Compiler version: 0.8.25
Optimizations:    100

Submitting verification for [contracts/Distributor.sol:Distributor] 0x48978D35F6751582e0F5b5d7e38151db1278c800.
Submitted contract for verification:
	Response: `OK`
	GUID: `uyyq6rtadigys2dhkf1dt2yupnapmwssbnxeynuhebmdywykuu`
	URL: https://polygonscan.com/address/0x48978d35f6751582e0f5b5d7e38151db1278c800
Contract verification status:
Response: `NOTOK`
Details: `Pending in queue`
Warning: Verification is still pending...; waiting 15 seconds before trying again (7 tries remaining)
Contract verification status:
Response: `OK`
Details: `Pass - Verified`
Contract successfully verified
All (2) contracts were verified!

Transactions saved to: /Users/pabloveyrat/Documents/Angle/Dev/merkl-contracts/broadcast/deployUpgradeImplementationsSingle.s.sol/137/run-latest.json

Sensitive values saved to: /Users/pabloveyrat/Documents/Angle/Dev/merkl-contracts/cache-forge/deployUpgradeImplementationsSingle.s.sol/137/run-latest.json

