Warning: This is a nightly build of Foundry. It is recommended to use the latest stable version. To mute this warning set `FOUNDRY_DISABLE_NIGHTLY_WARNING` in your environment. 

No files changed, compilation skipped
[2m2026-01-27T09:11:12.400747Z[0m [31mERROR[0m [2metherscan[0m[2m:[0m Failed to deserialize response: data did not match any variant of untagged enum ResponseData [3mres[0m[2m=[0m"{\"message\":\"OK\",\"result\":[{\"Address\":\"0x000000000000000000636f6e736f6c652e6c6f67\"}],\"status\":\"1\"}"
[2m2026-01-27T09:11:12.401245Z[0m [31mERROR[0m [2metherscan[0m[2m:[0m Failed to deserialize response: data did not match any variant of untagged enum ResponseData [3mres[0m[2m=[0m"{\"message\":\"OK\",\"result\":[{\"Address\":\"0x000000000000000000636f6e736f6c652e6c6f67\"}],\"status\":\"1\"}"
[2m2026-01-27T09:11:12.401323Z[0m [31mERROR[0m [2metherscan[0m[2m:[0m Failed to deserialize response: data did not match any variant of untagged enum ResponseData [3mres[0m[2m=[0m"{\"message\":\"OK\",\"result\":[{\"Address\":\"0x000000000000000000636f6e736f6c652e6c6f67\"}],\"status\":\"1\"}"
[2m2026-01-27T09:11:12.401376Z[0m [31mERROR[0m [2metherscan[0m[2m:[0m Failed to deserialize response: data did not match any variant of untagged enum ResponseData [3mres[0m[2m=[0m"{\"message\":\"OK\",\"result\":[{\"Address\":\"0x000000000000000000636f6e736f6c652e6c6f67\"}],\"status\":\"1\"}"
[2m2026-01-27T09:11:12.401482Z[0m [31mERROR[0m [2metherscan[0m[2m:[0m Failed to deserialize response: data did not match any variant of untagged enum ResponseData [3mres[0m[2m=[0m"{\"message\":\"OK\",\"result\":[{\"Address\":\"0x000000000000000000636f6e736f6c652e6c6f67\"}],\"status\":\"1\"}"
[2m2026-01-27T09:11:12.498303Z[0m [31mERROR[0m [2metherscan[0m[2m:[0m Failed to deserialize response: data did not match any variant of untagged enum ResponseData [3mres[0m[2m=[0m"{\"message\":\"OK\",\"result\":[{\"Address\":\"0x000000000000000000636f6e736f6c652e6c6f67\"}],\"status\":\"1\"}"
[2m2026-01-27T09:11:12.498367Z[0m [31mERROR[0m [2metherscan[0m[2m:[0m Failed to deserialize response: data did not match any variant of untagged enum ResponseData [3mres[0m[2m=[0m"{\"message\":\"OK\",\"result\":[{\"Address\":\"0x000000000000000000636f6e736f6c652e6c6f67\"}],\"status\":\"1\"}"
[2m2026-01-27T09:11:12.498394Z[0m [31mERROR[0m [2metherscan[0m[2m:[0m Failed to deserialize response: data did not match any variant of untagged enum ResponseData [3mres[0m[2m=[0m"{\"message\":\"OK\",\"result\":[{\"Address\":\"0x000000000000000000636f6e736f6c652e6c6f67\"}],\"status\":\"1\"}"
[2m2026-01-27T09:11:12.520293Z[0m [31mERROR[0m [2metherscan[0m[2m:[0m Failed to deserialize response: data did not match any variant of untagged enum ResponseData [3mres[0m[2m=[0m"{\"message\":\"OK\",\"result\":[{\"Address\":\"0x000000000000000000636f6e736f6c652e6c6f67\"}],\"status\":\"1\"}"
[2m2026-01-27T09:11:12.549056Z[0m [31mERROR[0m [2metherscan[0m[2m:[0m Failed to deserialize response: data did not match any variant of untagged enum ResponseData [3mres[0m[2m=[0m"{\"message\":\"OK\",\"result\":[{\"Address\":\"0x000000000000000000636f6e736f6c652e6c6f67\"}],\"status\":\"1\"}"
[2m2026-01-27T09:11:12.583815Z[0m [31mERROR[0m [2metherscan[0m[2m:[0m Failed to deserialize response: data did not match any variant of untagged enum ResponseData [3mres[0m[2m=[0m"{\"message\":\"OK\",\"result\":[{\"Address\":\"0x7109709ecfa91a80626ff3989d68f67f5b1dd12d\"}],\"status\":\"1\"}"
[2m2026-01-27T09:11:12.585486Z[0m [31mERROR[0m [2metherscan[0m[2m:[0m Failed to deserialize response: data did not match any variant of untagged enum ResponseData [3mres[0m[2m=[0m"{\"message\":\"OK\",\"result\":[{\"Address\":\"0x000000000000000000636f6e736f6c652e6c6f67\"}],\"status\":\"1\"}"
[2m2026-01-27T09:11:12.606344Z[0m [31mERROR[0m [2metherscan[0m[2m:[0m Failed to deserialize response: data did not match any variant of untagged enum ResponseData [3mres[0m[2m=[0m"{\"message\":\"OK\",\"result\":[{\"Address\":\"0x7109709ecfa91a80626ff3989d68f67f5b1dd12d\"}],\"status\":\"1\"}"
[2m2026-01-27T09:11:12.608239Z[0m [31mERROR[0m [2metherscan[0m[2m:[0m Failed to deserialize response: data did not match any variant of untagged enum ResponseData [3mres[0m[2m=[0m"{\"message\":\"OK\",\"result\":[{\"Address\":\"0x7109709ecfa91a80626ff3989d68f67f5b1dd12d\"}],\"status\":\"1\"}"
[2m2026-01-27T09:11:12.725571Z[0m [31mERROR[0m [2metherscan[0m[2m:[0m Failed to deserialize response: data did not match any variant of untagged enum ResponseData [3mres[0m[2m=[0m"{\"message\":\"OK\",\"result\":[{\"Address\":\"0x7109709ecfa91a80626ff3989d68f67f5b1dd12d\"}],\"status\":\"1\"}"
[2m2026-01-27T09:11:12.752014Z[0m [31mERROR[0m [2metherscan[0m[2m:[0m Failed to deserialize response: data did not match any variant of untagged enum ResponseData [3mres[0m[2m=[0m"{\"message\":\"OK\",\"result\":[{\"Address\":\"0x7109709ecfa91a80626ff3989d68f67f5b1dd12d\"}],\"status\":\"1\"}"
[2m2026-01-27T09:11:12.752063Z[0m [31mERROR[0m [2metherscan[0m[2m:[0m Failed to deserialize response: data did not match any variant of untagged enum ResponseData [3mres[0m[2m=[0m"{\"message\":\"OK\",\"result\":[{\"Address\":\"0x7109709ecfa91a80626ff3989d68f67f5b1dd12d\"}],\"status\":\"1\"}"
[2m2026-01-27T09:11:12.752090Z[0m [31mERROR[0m [2metherscan[0m[2m:[0m Failed to deserialize response: data did not match any variant of untagged enum ResponseData [3mres[0m[2m=[0m"{\"message\":\"OK\",\"result\":[{\"Address\":\"0x7109709ecfa91a80626ff3989d68f67f5b1dd12d\"}],\"status\":\"1\"}"
[2m2026-01-27T09:11:12.752118Z[0m [31mERROR[0m [2metherscan[0m[2m:[0m Failed to deserialize response: data did not match any variant of untagged enum ResponseData [3mres[0m[2m=[0m"{\"message\":\"OK\",\"result\":[{\"Address\":\"0x7109709ecfa91a80626ff3989d68f67f5b1dd12d\"}],\"status\":\"1\"}"
[2m2026-01-27T09:11:12.811205Z[0m [31mERROR[0m [2metherscan[0m[2m:[0m Failed to deserialize response: data did not match any variant of untagged enum ResponseData [3mres[0m[2m=[0m"{\"message\":\"OK\",\"result\":[{\"Address\":\"0x7109709ecfa91a80626ff3989d68f67f5b1dd12d\"}],\"status\":\"1\"}"
[2m2026-01-27T09:11:12.849192Z[0m [31mERROR[0m [2metherscan[0m[2m:[0m Failed to deserialize response: data did not match any variant of untagged enum ResponseData [3mres[0m[2m=[0m"{\"message\":\"OK\",\"result\":[{\"Address\":\"0x000000000000000000636f6e736f6c652e6c6f67\"}],\"status\":\"1\"}"
[2m2026-01-27T09:11:12.849221Z[0m [31mERROR[0m [2metherscan[0m[2m:[0m Failed to deserialize response: data did not match any variant of untagged enum ResponseData [3mres[0m[2m=[0m"{\"message\":\"OK\",\"result\":[{\"Address\":\"0x000000000000000000636f6e736f6c652e6c6f67\"}],\"status\":\"1\"}"
[2m2026-01-27T09:11:12.864455Z[0m [31mERROR[0m [2metherscan[0m[2m:[0m Failed to deserialize response: data did not match any variant of untagged enum ResponseData [3mres[0m[2m=[0m"{\"message\":\"OK\",\"result\":[{\"Address\":\"0x25b0a02c8050943483ae5d68165ebcb47eb01148\"}],\"status\":\"1\"}"
[2m2026-01-27T09:11:12.864493Z[0m [31mERROR[0m [2metherscan[0m[2m:[0m Failed to deserialize response: data did not match any variant of untagged enum ResponseData [3mres[0m[2m=[0m"{\"message\":\"OK\",\"result\":[{\"Address\":\"0x7109709ecfa91a80626ff3989d68f67f5b1dd12d\"}],\"status\":\"1\"}"
[2m2026-01-27T09:11:12.900244Z[0m [31mERROR[0m [2metherscan[0m[2m:[0m Failed to deserialize response: data did not match any variant of untagged enum ResponseData [3mres[0m[2m=[0m"{\"message\":\"OK\",\"result\":[{\"Address\":\"0x000000000000000000636f6e736f6c652e6c6f67\"}],\"status\":\"1\"}"
[2m2026-01-27T09:11:12.936298Z[0m [31mERROR[0m [2metherscan[0m[2m:[0m Failed to deserialize response: data did not match any variant of untagged enum ResponseData [3mres[0m[2m=[0m"{\"message\":\"OK\",\"result\":[{\"Address\":\"0x44e3d3bba34e16a67c633daf86114284fc628819\"}],\"status\":\"1\"}"
[2m2026-01-27T09:11:12.949105Z[0m [31mERROR[0m [2metherscan[0m[2m:[0m Failed to deserialize response: data did not match any variant of untagged enum ResponseData [3mres[0m[2m=[0m"{\"message\":\"OK\",\"result\":[{\"Address\":\"0x7109709ecfa91a80626ff3989d68f67f5b1dd12d\"}],\"status\":\"1\"}"
[2m2026-01-27T09:11:12.954235Z[0m [31mERROR[0m [2metherscan[0m[2m:[0m Failed to deserialize response: data did not match any variant of untagged enum ResponseData [3mres[0m[2m=[0m"{\"message\":\"OK\",\"result\":[{\"Address\":\"0x000000000000000000636f6e736f6c652e6c6f67\"}],\"status\":\"1\"}"
[2m2026-01-27T09:11:12.961260Z[0m [31mERROR[0m [2metherscan[0m[2m:[0m Failed to deserialize response: data did not match any variant of untagged enum ResponseData [3mres[0m[2m=[0m"{\"message\":\"OK\",\"result\":[{\"Address\":\"0x000000000000000000636f6e736f6c652e6c6f67\"}],\"status\":\"1\"}"
[2m2026-01-27T09:11:13.018608Z[0m [31mERROR[0m [2metherscan[0m[2m:[0m Failed to deserialize response: data did not match any variant of untagged enum ResponseData [3mres[0m[2m=[0m"{\"message\":\"OK\",\"result\":[{\"Address\":\"0x000000000000000000636f6e736f6c652e6c6f67\"}],\"status\":\"1\"}"
[2m2026-01-27T09:11:13.030715Z[0m [31mERROR[0m [2metherscan[0m[2m:[0m Failed to deserialize response: data did not match any variant of untagged enum ResponseData [3mres[0m[2m=[0m"{\"message\":\"OK\",\"result\":[{\"Address\":\"0x000000000000000000636f6e736f6c652e6c6f67\"}],\"status\":\"1\"}"
[2m2026-01-27T09:11:13.046055Z[0m [31mERROR[0m [2metherscan[0m[2m:[0m Failed to deserialize response: data did not match any variant of untagged enum ResponseData [3mres[0m[2m=[0m"{\"message\":\"OK\",\"result\":[{\"Address\":\"0x000000000000000000636f6e736f6c652e6c6f67\"}],\"status\":\"1\"}"
[2m2026-01-27T09:11:13.047973Z[0m [31mERROR[0m [2metherscan[0m[2m:[0m Failed to deserialize response: data did not match any variant of untagged enum ResponseData [3mres[0m[2m=[0m"{\"message\":\"OK\",\"result\":[{\"Address\":\"0x000000000000000000636f6e736f6c652e6c6f67\"}],\"status\":\"1\"}"
[2m2026-01-27T09:11:13.076371Z[0m [31mERROR[0m [2metherscan[0m[2m:[0m Failed to deserialize response: data did not match any variant of untagged enum ResponseData [3mres[0m[2m=[0m"{\"message\":\"OK\",\"result\":[{\"Address\":\"0x000000000000000000636f6e736f6c652e6c6f67\"}],\"status\":\"1\"}"
[2m2026-01-27T09:11:13.104383Z[0m [31mERROR[0m [2metherscan[0m[2m:[0m Failed to deserialize response: data did not match any variant of untagged enum ResponseData [3mres[0m[2m=[0m"{\"message\":\"OK\",\"result\":[{\"Address\":\"0x7109709ecfa91a80626ff3989d68f67f5b1dd12d\"}],\"status\":\"1\"}"
[2m2026-01-27T09:11:13.140097Z[0m [31mERROR[0m [2metherscan[0m[2m:[0m Failed to deserialize response: data did not match any variant of untagged enum ResponseData [3mres[0m[2m=[0m"{\"message\":\"OK\",\"result\":[{\"Address\":\"0x7109709ecfa91a80626ff3989d68f67f5b1dd12d\"}],\"status\":\"1\"}"
Script ran successfully.

== Logs ==
  ==========================================================
  Deploying Upgrade Implementations
  ==========================================================
  Chain ID: 30
  Deployer: 0xA9DdD91249DFdd450E81E1c56Ab60E1A62651701
  
  Deploying DistributionCreator implementation...
  DistributionCreator Implementation: 0x44E3d3BBa34E16a67c633dAF86114284FC628819
  Deploying Distributor implementation...
  Distributor Implementation: 0x25B0a02C8050943483aE5d68165Ebcb47EB01148
  Deployment data saved to: ./deployments/rootstock-upgrade-implementations.json
  
  ==========================================================
  Deployment Complete!
  ==========================================================
  Deployment file saved to: ./deployments/rootstock-upgrade-implementations.json
  
  Next steps:
  1. Verify the implementations on block explorer if not auto-verified
  2. Use these addresses to create Gnosis Safe upgrade transactions
  ==========================================================

SKIPPING ON CHAIN SIMULATION.

Transactions saved to: /Users/pabloveyrat/Documents/Angle/Dev/merkl-contracts/broadcast/deployUpgradeImplementationsSingle.s.sol/30/run-latest.json

Sensitive values saved to: /Users/pabloveyrat/Documents/Angle/Dev/merkl-contracts/cache-forge/deployUpgradeImplementationsSingle.s.sol/30/run-latest.json

Error: Failed to send transaction after 4 attempts Err(server returned an error response: error code -32010: insufficient funds)

Context:
- Failed to build transaction: AnyTxType(0) transaction can't be built due to missing keys: ["gas_limit"]
