Warning: This is a nightly build of Foundry. It is recommended to use the latest stable version. To mute this warning set `FOUNDRY_DISABLE_NIGHTLY_WARNING` in your environment. 

No files changed, compilation skipped
Warning: EIP-3855 is not supported in one or more of the RPCs used.
Unsupported Chain IDs: 1329.
Contracts deployed with a Solidity version equal or higher than 0.8.20 might not work properly.
For more information, please see https://eips.ethereum.org/EIPS/eip-3855
Script ran successfully.

== Logs ==
  ==========================================================
  Deploying Upgrade Implementations
  ==========================================================
  Chain ID: 1329
  Deployer: 0xA9DdD91249DFdd450E81E1c56Ab60E1A62651701
  
  Deploying DistributionCreator implementation...
  DistributionCreator Implementation: 0x5ba1FfB3585CC2389dC4EE010F36C81f3c83a078
  Deploying Distributor implementation...
  Distributor Implementation: 0x40aBd730Cc9dA34a8EE9823fEaBDBa35E50c4ac7
  Deployment data saved to: ./deployments/sei-upgrade-implementations.json
  
  ==========================================================
  Deployment Complete!
  ==========================================================
  Deployment file saved to: ./deployments/sei-upgrade-implementations.json
  
  Next steps:
  1. Verify the implementations on block explorer if not auto-verified
  2. Use these addresses to create Gnosis Safe upgrade transactions
  ==========================================================

SKIPPING ON CHAIN SIMULATION.


==========================

ONCHAIN EXECUTION COMPLETE & SUCCESSFUL.
##
Start verification for (2) contracts
Start verifying contract `0x5ba1FfB3585CC2389dC4EE010F36C81f3c83a078` deployed on sei
EVM version: cancun
Compiler version: 0.8.25
Optimizations:    100

Submitting verification for [contracts/DistributionCreator.sol:DistributionCreator] 0x5ba1FfB3585CC2389dC4EE010F36C81f3c83a078.
Submitted contract for verification:
	Response: `OK`
	GUID: `qirijjjjxkh4wv2xwwyplwyzgfd3rgsp7dlbfsnuqgtx6v2ryl`
	URL: https://seiscan.io/address/0x5ba1ffb3585cc2389dc4ee010f36c81f3c83a078
Contract verification status:
Response: `NOTOK`
Details: `Pending in queue`
Warning: Verification is still pending...; waiting 15 seconds before trying again (7 tries remaining)
Contract verification status:
Response: `OK`
Details: `Pass - Verified`
Contract successfully verified
Start verifying contract `0x40aBd730Cc9dA34a8EE9823fEaBDBa35E50c4ac7` deployed on sei
EVM version: cancun
Compiler version: 0.8.25
Optimizations:    100

Submitting verification for [contracts/Distributor.sol:Distributor] 0x40aBd730Cc9dA34a8EE9823fEaBDBa35E50c4ac7.
Submitted contract for verification:
	Response: `OK`
	GUID: `kvbgktassuvguhiuwjksi5gvyv4btkdn45vwerhirnrjxznbed`
	URL: https://seiscan.io/address/0x40abd730cc9da34a8ee9823feabdba35e50c4ac7
Contract verification status:
Response: `NOTOK`
Details: `Pending in queue`
Warning: Verification is still pending...; waiting 15 seconds before trying again (7 tries remaining)
Contract verification status:
Response: `OK`
Details: `Pass - Verified`
Contract successfully verified
All (2) contracts were verified!

Transactions saved to: /Users/pabloveyrat/Documents/Angle/Dev/merkl-contracts/broadcast/deployUpgradeImplementationsSingle.s.sol/1329/run-latest.json

Sensitive values saved to: /Users/pabloveyrat/Documents/Angle/Dev/merkl-contracts/cache-forge/deployUpgradeImplementationsSingle.s.sol/1329/run-latest.json

