Warning: This is a nightly build of Foundry. It is recommended to use the latest stable version. To mute this warning set `FOUNDRY_DISABLE_NIGHTLY_WARNING` in your environment. 

No files changed, compilation skipped
[2m2026-01-27T09:39:44.020193Z[0m [31mERROR[0m [2metherscan[0m[2m:[0m Failed to deserialize response: data did not match any variant of untagged enum ResponseData [3mres[0m[2m=[0m"{\"message\":\"OK\",\"result\":[{\"Address\":\"0x000000000000000000636f6e736f6c652e6c6f67\"}],\"status\":\"1\"}"
[2m2026-01-27T09:39:44.020300Z[0m [31mERROR[0m [2metherscan[0m[2m:[0m Failed to deserialize response: data did not match any variant of untagged enum ResponseData [3mres[0m[2m=[0m"{\"message\":\"OK\",\"result\":[{\"Address\":\"0x000000000000000000636f6e736f6c652e6c6f67\"}],\"status\":\"1\"}"
[2m2026-01-27T09:39:44.020330Z[0m [31mERROR[0m [2metherscan[0m[2m:[0m Failed to deserialize response: data did not match any variant of untagged enum ResponseData [3mres[0m[2m=[0m"{\"message\":\"OK\",\"result\":[{\"Address\":\"0x000000000000000000636f6e736f6c652e6c6f67\"}],\"status\":\"1\"}"
[2m2026-01-27T09:39:44.020376Z[0m [31mERROR[0m [2metherscan[0m[2m:[0m Failed to deserialize response: data did not match any variant of untagged enum ResponseData [3mres[0m[2m=[0m"{\"message\":\"OK\",\"result\":[{\"Address\":\"0x000000000000000000636f6e736f6c652e6c6f67\"}],\"status\":\"1\"}"
[2m2026-01-27T09:39:44.020404Z[0m [31mERROR[0m [2metherscan[0m[2m:[0m Failed to deserialize response: data did not match any variant of untagged enum ResponseData [3mres[0m[2m=[0m"{\"message\":\"OK\",\"result\":[{\"Address\":\"0x000000000000000000636f6e736f6c652e6c6f67\"}],\"status\":\"1\"}"
[2m2026-01-27T09:39:44.046709Z[0m [31mERROR[0m [2metherscan[0m[2m:[0m Failed to deserialize response: data did not match any variant of untagged enum ResponseData [3mres[0m[2m=[0m"{\"message\":\"OK\",\"result\":[{\"Address\":\"0x000000000000000000636f6e736f6c652e6c6f67\"}],\"status\":\"1\"}"
[2m2026-01-27T09:39:44.050087Z[0m [31mERROR[0m [2metherscan[0m[2m:[0m Failed to deserialize response: data did not match any variant of untagged enum ResponseData [3mres[0m[2m=[0m"{\"message\":\"OK\",\"result\":[{\"Address\":\"0x000000000000000000636f6e736f6c652e6c6f67\"}],\"status\":\"1\"}"
[2m2026-01-27T09:39:44.050114Z[0m [31mERROR[0m [2metherscan[0m[2m:[0m Failed to deserialize response: data did not match any variant of untagged enum ResponseData [3mres[0m[2m=[0m"{\"message\":\"OK\",\"result\":[{\"Address\":\"0x000000000000000000636f6e736f6c652e6c6f67\"}],\"status\":\"1\"}"
[2m2026-01-27T09:39:44.050129Z[0m [31mERROR[0m [2metherscan[0m[2m:[0m Failed to deserialize response: data did not match any variant of untagged enum ResponseData [3mres[0m[2m=[0m"{\"message\":\"OK\",\"result\":[{\"Address\":\"0x000000000000000000636f6e736f6c652e6c6f67\"}],\"status\":\"1\"}"
[2m2026-01-27T09:39:44.050140Z[0m [31mERROR[0m [2metherscan[0m[2m:[0m Failed to deserialize response: data did not match any variant of untagged enum ResponseData [3mres[0m[2m=[0m"{\"message\":\"OK\",\"result\":[{\"Address\":\"0x000000000000000000636f6e736f6c652e6c6f67\"}],\"status\":\"1\"}"
[2m2026-01-27T09:39:44.075545Z[0m [31mERROR[0m [2metherscan[0m[2m:[0m Failed to deserialize response: data did not match any variant of untagged enum ResponseData [3mres[0m[2m=[0m"{\"message\":\"OK\",\"result\":[{\"Address\":\"0x7109709ecfa91a80626ff3989d68f67f5b1dd12d\"}],\"status\":\"1\"}"
[2m2026-01-27T09:39:44.075588Z[0m [31mERROR[0m [2metherscan[0m[2m:[0m Failed to deserialize response: data did not match any variant of untagged enum ResponseData [3mres[0m[2m=[0m"{\"message\":\"OK\",\"result\":[{\"Address\":\"0x7109709ecfa91a80626ff3989d68f67f5b1dd12d\"}],\"status\":\"1\"}"
[2m2026-01-27T09:39:44.075608Z[0m [31mERROR[0m [2metherscan[0m[2m:[0m Failed to deserialize response: data did not match any variant of untagged enum ResponseData [3mres[0m[2m=[0m"{\"message\":\"OK\",\"result\":[{\"Address\":\"0x000000000000000000636f6e736f6c652e6c6f67\"}],\"status\":\"1\"}"
[2m2026-01-27T09:39:44.075629Z[0m [31mERROR[0m [2metherscan[0m[2m:[0m Failed to deserialize response: data did not match any variant of untagged enum ResponseData [3mres[0m[2m=[0m"{\"message\":\"OK\",\"result\":[{\"Address\":\"0x7109709ecfa91a80626ff3989d68f67f5b1dd12d\"}],\"status\":\"1\"}"
[2m2026-01-27T09:39:44.075648Z[0m [31mERROR[0m [2metherscan[0m[2m:[0m Failed to deserialize response: data did not match any variant of untagged enum ResponseData [3mres[0m[2m=[0m"{\"message\":\"OK\",\"result\":[{\"Address\":\"0x7109709ecfa91a80626ff3989d68f67f5b1dd12d\"}],\"status\":\"1\"}"
[2m2026-01-27T09:39:44.101896Z[0m [31mERROR[0m [2metherscan[0m[2m:[0m Failed to deserialize response: data did not match any variant of untagged enum ResponseData [3mres[0m[2m=[0m"{\"message\":\"OK\",\"result\":[{\"Address\":\"0x7109709ecfa91a80626ff3989d68f67f5b1dd12d\"}],\"status\":\"1\"}"
[2m2026-01-27T09:39:44.101928Z[0m [31mERROR[0m [2metherscan[0m[2m:[0m Failed to deserialize response: data did not match any variant of untagged enum ResponseData [3mres[0m[2m=[0m"{\"message\":\"OK\",\"result\":[{\"Address\":\"0x7109709ecfa91a80626ff3989d68f67f5b1dd12d\"}],\"status\":\"1\"}"
[2m2026-01-27T09:39:44.101939Z[0m [31mERROR[0m [2metherscan[0m[2m:[0m Failed to deserialize response: data did not match any variant of untagged enum ResponseData [3mres[0m[2m=[0m"{\"message\":\"OK\",\"result\":[{\"Address\":\"0x7109709ecfa91a80626ff3989d68f67f5b1dd12d\"}],\"status\":\"1\"}"
[2m2026-01-27T09:39:44.101951Z[0m [31mERROR[0m [2metherscan[0m[2m:[0m Failed to deserialize response: data did not match any variant of untagged enum ResponseData [3mres[0m[2m=[0m"{\"message\":\"OK\",\"result\":[{\"Address\":\"0x7109709ecfa91a80626ff3989d68f67f5b1dd12d\"}],\"status\":\"1\"}"
[2m2026-01-27T09:39:44.101961Z[0m [31mERROR[0m [2metherscan[0m[2m:[0m Failed to deserialize response: data did not match any variant of untagged enum ResponseData [3mres[0m[2m=[0m"{\"message\":\"OK\",\"result\":[{\"Address\":\"0x7109709ecfa91a80626ff3989d68f67f5b1dd12d\"}],\"status\":\"1\"}"
[2m2026-01-27T09:39:44.129838Z[0m [31mERROR[0m [2metherscan[0m[2m:[0m Failed to deserialize response: data did not match any variant of untagged enum ResponseData [3mres[0m[2m=[0m"{\"message\":\"OK\",\"result\":[{\"Address\":\"0x7109709ecfa91a80626ff3989d68f67f5b1dd12d\"}],\"status\":\"1\"}"
[2m2026-01-27T09:39:44.130333Z[0m [31mERROR[0m [2metherscan[0m[2m:[0m Failed to deserialize response: data did not match any variant of untagged enum ResponseData [3mres[0m[2m=[0m"{\"message\":\"OK\",\"result\":[{\"Address\":\"0xb3c974b47e135c79c93bad7003ff07ccc7bc80ac\"}],\"status\":\"1\"}"
[2m2026-01-27T09:39:44.130348Z[0m [31mERROR[0m [2metherscan[0m[2m:[0m Failed to deserialize response: data did not match any variant of untagged enum ResponseData [3mres[0m[2m=[0m"{\"message\":\"OK\",\"result\":[{\"Address\":\"0x000000000000000000636f6e736f6c652e6c6f67\"}],\"status\":\"1\"}"
[2m2026-01-27T09:39:44.130357Z[0m [31mERROR[0m [2metherscan[0m[2m:[0m Failed to deserialize response: data did not match any variant of untagged enum ResponseData [3mres[0m[2m=[0m"{\"message\":\"OK\",\"result\":[{\"Address\":\"0x000000000000000000636f6e736f6c652e6c6f67\"}],\"status\":\"1\"}"
[2m2026-01-27T09:39:44.130368Z[0m [31mERROR[0m [2metherscan[0m[2m:[0m Failed to deserialize response: data did not match any variant of untagged enum ResponseData [3mres[0m[2m=[0m"{\"message\":\"OK\",\"result\":[{\"Address\":\"0x000000000000000000636f6e736f6c652e6c6f67\"}],\"status\":\"1\"}"
[2m2026-01-27T09:39:44.154229Z[0m [31mERROR[0m [2metherscan[0m[2m:[0m Failed to deserialize response: data did not match any variant of untagged enum ResponseData [3mres[0m[2m=[0m"{\"message\":\"OK\",\"result\":[{\"Address\":\"0x7109709ecfa91a80626ff3989d68f67f5b1dd12d\"}],\"status\":\"1\"}"
[2m2026-01-27T09:39:44.154269Z[0m [31mERROR[0m [2metherscan[0m[2m:[0m Failed to deserialize response: data did not match any variant of untagged enum ResponseData [3mres[0m[2m=[0m"{\"message\":\"OK\",\"result\":[{\"Address\":\"0x5cb65728ff2c5ab9ae109ff4b02565a34e18c712\"}],\"status\":\"1\"}"
[2m2026-01-27T09:39:44.160228Z[0m [31mERROR[0m [2metherscan[0m[2m:[0m Failed to deserialize response: data did not match any variant of untagged enum ResponseData [3mres[0m[2m=[0m"{\"message\":\"OK\",\"result\":[{\"Address\":\"0x000000000000000000636f6e736f6c652e6c6f67\"}],\"status\":\"1\"}"
[2m2026-01-27T09:39:44.160245Z[0m [31mERROR[0m [2metherscan[0m[2m:[0m Failed to deserialize response: data did not match any variant of untagged enum ResponseData [3mres[0m[2m=[0m"{\"message\":\"OK\",\"result\":[{\"Address\":\"0x000000000000000000636f6e736f6c652e6c6f67\"}],\"status\":\"1\"}"
[2m2026-01-27T09:39:44.162942Z[0m [31mERROR[0m [2metherscan[0m[2m:[0m Failed to deserialize response: data did not match any variant of untagged enum ResponseData [3mres[0m[2m=[0m"{\"message\":\"OK\",\"result\":[{\"Address\":\"0x000000000000000000636f6e736f6c652e6c6f67\"}],\"status\":\"1\"}"
[2m2026-01-27T09:39:44.182260Z[0m [31mERROR[0m [2metherscan[0m[2m:[0m Failed to deserialize response: data did not match any variant of untagged enum ResponseData [3mres[0m[2m=[0m"{\"message\":\"OK\",\"result\":[{\"Address\":\"0x000000000000000000636f6e736f6c652e6c6f67\"}],\"status\":\"1\"}"
[2m2026-01-27T09:39:44.182285Z[0m [31mERROR[0m [2metherscan[0m[2m:[0m Failed to deserialize response: data did not match any variant of untagged enum ResponseData [3mres[0m[2m=[0m"{\"message\":\"OK\",\"result\":[{\"Address\":\"0x000000000000000000636f6e736f6c652e6c6f67\"}],\"status\":\"1\"}"
[2m2026-01-27T09:39:44.185666Z[0m [31mERROR[0m [2metherscan[0m[2m:[0m Failed to deserialize response: data did not match any variant of untagged enum ResponseData [3mres[0m[2m=[0m"{\"message\":\"OK\",\"result\":[{\"Address\":\"0x7109709ecfa91a80626ff3989d68f67f5b1dd12d\"}],\"status\":\"1\"}"
[2m2026-01-27T09:39:44.187518Z[0m [31mERROR[0m [2metherscan[0m[2m:[0m Failed to deserialize response: data did not match any variant of untagged enum ResponseData [3mres[0m[2m=[0m"{\"message\":\"OK\",\"result\":[{\"Address\":\"0x000000000000000000636f6e736f6c652e6c6f67\"}],\"status\":\"1\"}"
[2m2026-01-27T09:39:44.189364Z[0m [31mERROR[0m [2metherscan[0m[2m:[0m Failed to deserialize response: data did not match any variant of untagged enum ResponseData [3mres[0m[2m=[0m"{\"message\":\"OK\",\"result\":[{\"Address\":\"0x000000000000000000636f6e736f6c652e6c6f67\"}],\"status\":\"1\"}"
[2m2026-01-27T09:39:44.204137Z[0m [31mERROR[0m [2metherscan[0m[2m:[0m Failed to deserialize response: data did not match any variant of untagged enum ResponseData [3mres[0m[2m=[0m"{\"message\":\"OK\",\"result\":[{\"Address\":\"0x7109709ecfa91a80626ff3989d68f67f5b1dd12d\"}],\"status\":\"1\"}"
Script ran successfully.

== Logs ==
  ==========================================================
  Deploying Upgrade Implementations
  ==========================================================
  Chain ID: 42793
  Deployer: 0xA9DdD91249DFdd450E81E1c56Ab60E1A62651701
  
  Deploying DistributionCreator implementation...
  DistributionCreator Implementation: 0x5cb65728FF2C5aB9ae109FF4B02565a34E18c712
  Deploying Distributor implementation...
  Distributor Implementation: 0xB3c974B47E135C79C93bad7003fF07ccC7BC80Ac
  Deployment data saved to: ./deployments/etherlink-upgrade-implementations.json
  
  ==========================================================
  Deployment Complete!
  ==========================================================
  Deployment file saved to: ./deployments/etherlink-upgrade-implementations.json
  
  Next steps:
  1. Verify the implementations on block explorer if not auto-verified
  2. Use these addresses to create Gnosis Safe upgrade transactions
  ==========================================================

SKIPPING ON CHAIN SIMULATION.


==========================

ONCHAIN EXECUTION COMPLETE & SUCCESSFUL.
##
Start verification for (2) contracts
Start verifying contract `0x5cb65728FF2C5aB9ae109FF4B02565a34E18c712` deployed on etherlink
EVM version: cancun
Compiler version: 0.8.25
Optimizations:    100

Submitting verification for [contracts/DistributionCreator.sol:DistributionCreator] 0x5cb65728FF2C5aB9ae109FF4B02565a34E18c712.
Submitted contract for verification:
	Response: `OK`
	GUID: `5cb65728ff2c5ab9ae109ff4b02565a34e18c712697887e5`
	URL: https://explorer.etherlink.com/address/0x5cb65728ff2c5ab9ae109ff4b02565a34e18c712
Contract verification status:
Response: `OK`
Details: `Pending in queue`
Warning: Verification is still pending...; waiting 15 seconds before trying again (7 tries remaining)
Contract verification status:
Response: `OK`
Details: `Pass - Verified`
Contract successfully verified
Start verifying contract `0xB3c974B47E135C79C93bad7003fF07ccC7BC80Ac` deployed on etherlink
EVM version: cancun
Compiler version: 0.8.25
Optimizations:    100

Submitting verification for [contracts/Distributor.sol:Distributor] 0xB3c974B47E135C79C93bad7003fF07ccC7BC80Ac.
Submitted contract for verification:
	Response: `OK`
	GUID: `b3c974b47e135c79c93bad7003ff07ccc7bc80ac697887f5`
	URL: https://explorer.etherlink.com/address/0xb3c974b47e135c79c93bad7003ff07ccc7bc80ac
Contract verification status:
Response: `OK`
Details: `Pending in queue`
Warning: Verification is still pending...; waiting 15 seconds before trying again (7 tries remaining)
Contract verification status:
Response: `OK`
Details: `Pass - Verified`
Contract successfully verified
All (2) contracts were verified!

Transactions saved to: /Users/pabloveyrat/Documents/Angle/Dev/merkl-contracts/broadcast/deployUpgradeImplementationsSingle.s.sol/42793/run-latest.json

Sensitive values saved to: /Users/pabloveyrat/Documents/Angle/Dev/merkl-contracts/cache-forge/deployUpgradeImplementationsSingle.s.sol/42793/run-latest.json

