Warning: This is a nightly build of Foundry. It is recommended to use the latest stable version. To mute this warning set `FOUNDRY_DISABLE_NIGHTLY_WARNING` in your environment. 

No files changed, compilation skipped
Script ran successfully.

== Logs ==
  ==========================================================
  Deploying Upgrade Implementations
  ==========================================================
  Chain ID: 747
  Deployer: 0xA9DdD91249DFdd450E81E1c56Ab60E1A62651701
  
  Deploying DistributionCreator implementation...
  DistributionCreator Implementation: 0xB5864f3041011311f05E159CC5DF9ae550E07C74
  Deploying Distributor implementation...
  Distributor Implementation: 0xD696E6b94cE79Fe9AAC288C0Fc761643219510B6
  Deployment data saved to: ./deployments/flow-upgrade-implementations.json
  
  ==========================================================
  Deployment Complete!
  ==========================================================
  Deployment file saved to: ./deployments/flow-upgrade-implementations.json
  
  Next steps:
  1. Verify the implementations on block explorer if not auto-verified
  2. Use these addresses to create Gnosis Safe upgrade transactions
  ==========================================================

SKIPPING ON CHAIN SIMULATION.


==========================

ONCHAIN EXECUTION COMPLETE & SUCCESSFUL.
##
Start verification for (2) contracts
Start verifying contract `0xB5864f3041011311f05E159CC5DF9ae550E07C74` deployed on 747
EVM version: cancun
Compiler version: 0.8.25
Optimizations:    100
Attempting to verify on Sourcify. Pass the --etherscan-api-key <API_KEY> to verify on Etherscan, or use the --verifier flag to verify on another provider.

Submitting verification for [DistributionCreator] "0xB5864f3041011311f05E159CC5DF9ae550E07C74".
Warning: Sourcify verification request for address (0xB5864f3041011311f05E159CC5DF9ae550E07C74) failed with status code 404 Not Found
Details: {
  "customCode": "unsupported_chain",
  "message": "Chain 747 not found",
  "errorId": "1c10c9d2-3da3-4699-bd93-673d63c4a7d7"
}; waiting 5 seconds before trying again (4 tries remaining)

Submitting verification for [DistributionCreator] "0xB5864f3041011311f05E159CC5DF9ae550E07C74".
Warning: Sourcify verification request for address (0xB5864f3041011311f05E159CC5DF9ae550E07C74) failed with status code 404 Not Found
Details: {
  "customCode": "unsupported_chain",
  "message": "Chain 747 not found",
  "errorId": "18714b20-a7a3-4b85-a33e-280eef40aed8"
}; waiting 5 seconds before trying again (3 tries remaining)

Submitting verification for [DistributionCreator] "0xB5864f3041011311f05E159CC5DF9ae550E07C74".
Warning: Sourcify verification request for address (0xB5864f3041011311f05E159CC5DF9ae550E07C74) failed with status code 404 Not Found
Details: {
  "customCode": "unsupported_chain",
  "message": "Chain 747 not found",
  "errorId": "39502990-a534-477f-a97e-7480afc802fc"
}; waiting 5 seconds before trying again (2 tries remaining)

Submitting verification for [DistributionCreator] "0xB5864f3041011311f05E159CC5DF9ae550E07C74".
Warning: Sourcify verification request for address (0xB5864f3041011311f05E159CC5DF9ae550E07C74) failed with status code 404 Not Found
Details: {
  "customCode": "unsupported_chain",
  "message": "Chain 747 not found",
  "errorId": "6233f1f2-cf3a-4909-bab8-c10ed6939c95"
}; waiting 5 seconds before trying again (1 tries remaining)

Submitting verification for [DistributionCreator] "0xB5864f3041011311f05E159CC5DF9ae550E07C74".
Warning: Sourcify verification request for address (0xB5864f3041011311f05E159CC5DF9ae550E07C74) failed with status code 404 Not Found
Details: {
  "customCode": "unsupported_chain",
  "message": "Chain 747 not found",
  "errorId": "6e78f00b-4b69-4b3e-8230-3927e140f853"
}; waiting 5 seconds before trying again (0 tries remaining)

Submitting verification for [DistributionCreator] "0xB5864f3041011311f05E159CC5DF9ae550E07C74".
Error: Failed to verify contract: Sourcify verification request for address (0xB5864f3041011311f05E159CC5DF9ae550E07C74) failed with status code 404 Not Found
Details: {
  "customCode": "unsupported_chain",
  "message": "Chain 747 not found",
  "errorId": "fe8a4e0a-58a4-45bf-b402-dd1d51dfa0ea"
}
Start verifying contract `0xD696E6b94cE79Fe9AAC288C0Fc761643219510B6` deployed on 747
EVM version: cancun
Compiler version: 0.8.25
Optimizations:    100
Attempting to verify on Sourcify. Pass the --etherscan-api-key <API_KEY> to verify on Etherscan, or use the --verifier flag to verify on another provider.

Submitting verification for [Distributor] "0xD696E6b94cE79Fe9AAC288C0Fc761643219510B6".
Warning: Sourcify verification request for address (0xD696E6b94cE79Fe9AAC288C0Fc761643219510B6) failed with status code 404 Not Found
Details: {
  "customCode": "unsupported_chain",
  "message": "Chain 747 not found",
  "errorId": "d19548d1-e04d-495a-bf3c-57cdd235cb41"
}; waiting 5 seconds before trying again (4 tries remaining)

Submitting verification for [Distributor] "0xD696E6b94cE79Fe9AAC288C0Fc761643219510B6".
Warning: Sourcify verification request for address (0xD696E6b94cE79Fe9AAC288C0Fc761643219510B6) failed with status code 404 Not Found
Details: {
  "customCode": "unsupported_chain",
  "message": "Chain 747 not found",
  "errorId": "fb180d0f-13e4-4b8f-b76a-4a75a7994602"
}; waiting 5 seconds before trying again (3 tries remaining)

Submitting verification for [Distributor] "0xD696E6b94cE79Fe9AAC288C0Fc761643219510B6".
Warning: Sourcify verification request for address (0xD696E6b94cE79Fe9AAC288C0Fc761643219510B6) failed with status code 404 Not Found
Details: {
  "customCode": "unsupported_chain",
  "message": "Chain 747 not found",
  "errorId": "19f89b30-5d17-4ecd-8e7f-3caae1c3936f"
}; waiting 5 seconds before trying again (2 tries remaining)

Submitting verification for [Distributor] "0xD696E6b94cE79Fe9AAC288C0Fc761643219510B6".
Warning: Sourcify verification request for address (0xD696E6b94cE79Fe9AAC288C0Fc761643219510B6) failed with status code 404 Not Found
Details: {
  "customCode": "unsupported_chain",
  "message": "Chain 747 not found",
  "errorId": "677f699e-4fd3-4959-80a7-cb0e6da01b7a"
}; waiting 5 seconds before trying again (1 tries remaining)

Submitting verification for [Distributor] "0xD696E6b94cE79Fe9AAC288C0Fc761643219510B6".
Warning: Sourcify verification request for address (0xD696E6b94cE79Fe9AAC288C0Fc761643219510B6) failed with status code 404 Not Found
Details: {
  "customCode": "unsupported_chain",
  "message": "Chain 747 not found",
  "errorId": "b4072702-09d6-4456-924a-cabc5cdbdf93"
}; waiting 5 seconds before trying again (0 tries remaining)

Submitting verification for [Distributor] "0xD696E6b94cE79Fe9AAC288C0Fc761643219510B6".
Error: Failed to verify contract: Sourcify verification request for address (0xD696E6b94cE79Fe9AAC288C0Fc761643219510B6) failed with status code 404 Not Found
Details: {
  "customCode": "unsupported_chain",
  "message": "Chain 747 not found",
  "errorId": "8c1617c1-636d-4378-ab02-9af08ca4a5a4"
}

Transactions saved to: /Users/pabloveyrat/Documents/Angle/Dev/merkl-contracts/broadcast/deployUpgradeImplementationsSingle.s.sol/747/run-latest.json

Sensitive values saved to: /Users/pabloveyrat/Documents/Angle/Dev/merkl-contracts/cache-forge/deployUpgradeImplementationsSingle.s.sol/747/run-latest.json

Error: Not all (0 / 2) contracts were verified!
