Warning: This is a nightly build of Foundry. It is recommended to use the latest stable version. To mute this warning set `FOUNDRY_DISABLE_NIGHTLY_WARNING` in your environment. 

No files changed, compilation skipped
Script ran successfully.

== Logs ==
  ==========================================================
  Deploying Upgrade Implementations
  ==========================================================
  Chain ID: 252
  Deployer: 0xA9DdD91249DFdd450E81E1c56Ab60E1A62651701
  
  Deploying DistributionCreator implementation...
  DistributionCreator Implementation: 0x09f143d3Af1Af9af6AB6BCe1B53fc5a8dc1baA79
  Deploying Distributor implementation...
  Distributor Implementation: 0xE3B03b4c1D4d1C33CAB32cc304C66C2cBdFD40b7
  Deployment data saved to: ./deployments/fraxtal-upgrade-implementations.json
  
  ==========================================================
  Deployment Complete!
  ==========================================================
  Deployment file saved to: ./deployments/fraxtal-upgrade-implementations.json
  
  Next steps:
  1. Verify the implementations on block explorer if not auto-verified
  2. Use these addresses to create Gnosis Safe upgrade transactions
  ==========================================================

SKIPPING ON CHAIN SIMULATION.


==========================

ONCHAIN EXECUTION COMPLETE & SUCCESSFUL.
##
Start verification for (2) contracts
Start verifying contract `0x09f143d3Af1Af9af6AB6BCe1B53fc5a8dc1baA79` deployed on fraxtal
EVM version: cancun
Compiler version: 0.8.25
Optimizations:    100

Submitting verification for [contracts/DistributionCreator.sol:DistributionCreator] 0x09f143d3Af1Af9af6AB6BCe1B53fc5a8dc1baA79.
Submitted contract for verification:
	Response: `OK`
	GUID: `8jc7vq47nn4kmcvdrxueqhenmapghx4ljf8hrfgqzqhifgh3hv`
	URL: https://fraxscan.com/address/0x09f143d3af1af9af6ab6bce1b53fc5a8dc1baa79
Contract verification status:
Response: `NOTOK`
Details: `Pending in queue`
Warning: Verification is still pending...; waiting 15 seconds before trying again (7 tries remaining)
Contract verification status:
Response: `OK`
Details: `Pass - Verified`
Contract successfully verified
Start verifying contract `0xE3B03b4c1D4d1C33CAB32cc304C66C2cBdFD40b7` deployed on fraxtal
EVM version: cancun
Compiler version: 0.8.25
Optimizations:    100

Submitting verification for [contracts/Distributor.sol:Distributor] 0xE3B03b4c1D4d1C33CAB32cc304C66C2cBdFD40b7.
Submitted contract for verification:
	Response: `OK`
	GUID: `cpkzfr5qllbmqhii17wpmbhdezavyfsmzljf2aqgctwuecarrx`
	URL: https://fraxscan.com/address/0xe3b03b4c1d4d1c33cab32cc304c66c2cbdfd40b7
Contract verification status:
Response: `NOTOK`
Details: `Pending in queue`
Warning: Verification is still pending...; waiting 15 seconds before trying again (7 tries remaining)
Contract verification status:
Response: `OK`
Details: `Pass - Verified`
Contract successfully verified
All (2) contracts were verified!

Transactions saved to: /Users/pabloveyrat/Documents/Angle/Dev/merkl-contracts/broadcast/deployUpgradeImplementationsSingle.s.sol/252/run-latest.json

Sensitive values saved to: /Users/pabloveyrat/Documents/Angle/Dev/merkl-contracts/cache-forge/deployUpgradeImplementationsSingle.s.sol/252/run-latest.json

