Warning: This is a nightly build of Foundry. It is recommended to use the latest stable version. To mute this warning set `FOUNDRY_DISABLE_NIGHTLY_WARNING` in your environment. 

No files changed, compilation skipped
Script ran successfully.

== Logs ==
  ==========================================================
  Deploying Upgrade Implementations
  ==========================================================
  Chain ID: 100
  Deployer: 0xA9DdD91249DFdd450E81E1c56Ab60E1A62651701
  
  Deploying DistributionCreator implementation...
  DistributionCreator Implementation: 0x035281F5D8b81CDb49EB4E2b2456312F56d140BF
  Deploying Distributor implementation...
  Distributor Implementation: 0xcd2a70cCC10711656047a5060A3A92b6268C233c
  Deployment data saved to: ./deployments/gnosis-upgrade-implementations.json
  
  ==========================================================
  Deployment Complete!
  ==========================================================
  Deployment file saved to: ./deployments/gnosis-upgrade-implementations.json
  
  Next steps:
  1. Verify the implementations on block explorer if not auto-verified
  2. Use these addresses to create Gnosis Safe upgrade transactions
  ==========================================================

SKIPPING ON CHAIN SIMULATION.

Transactions saved to: /Users/pabloveyrat/Documents/Angle/Dev/merkl-contracts/broadcast/deployUpgradeImplementationsSingle.s.sol/100/run-latest.json

Sensitive values saved to: /Users/pabloveyrat/Documents/Angle/Dev/merkl-contracts/cache-forge/deployUpgradeImplementationsSingle.s.sol/100/run-latest.json

Error: Failed to send transaction after 4 attempts Err(Failed to estimate gas for tx

Context:
- server returned an error response: error code -32000: method handler crashed)

Context:
- Failed to build transaction: AnyTxType(0) transaction can't be built due to missing keys: ["gas_limit"]
