Warning: This is a nightly build of Foundry. It is recommended to use the latest stable version. To mute this warning set `FOUNDRY_DISABLE_NIGHTLY_WARNING` in your environment. 

No files changed, compilation skipped
[2m2026-01-27T09:34:18.570239Z[0m [31mERROR[0m [2metherscan[0m[2m:[0m Failed to deserialize response: data did not match any variant of untagged enum ResponseData [3mres[0m[2m=[0m"{\"message\":\"OK\",\"result\":[{\"Address\":\"0x000000000000000000636f6e736f6c652e6c6f67\"}],\"status\":\"1\"}"
[2m2026-01-27T09:34:18.570317Z[0m [31mERROR[0m [2metherscan[0m[2m:[0m Failed to deserialize response: data did not match any variant of untagged enum ResponseData [3mres[0m[2m=[0m"{\"message\":\"OK\",\"result\":[{\"Address\":\"0x000000000000000000636f6e736f6c652e6c6f67\"}],\"status\":\"1\"}"
[2m2026-01-27T09:34:18.570340Z[0m [31mERROR[0m [2metherscan[0m[2m:[0m Failed to deserialize response: data did not match any variant of untagged enum ResponseData [3mres[0m[2m=[0m"{\"message\":\"OK\",\"result\":[{\"Address\":\"0x000000000000000000636f6e736f6c652e6c6f67\"}],\"status\":\"1\"}"
[2m2026-01-27T09:34:18.570356Z[0m [31mERROR[0m [2metherscan[0m[2m:[0m Failed to deserialize response: data did not match any variant of untagged enum ResponseData [3mres[0m[2m=[0m"{\"message\":\"OK\",\"result\":[{\"Address\":\"0x000000000000000000636f6e736f6c652e6c6f67\"}],\"status\":\"1\"}"
[2m2026-01-27T09:34:18.570373Z[0m [31mERROR[0m [2metherscan[0m[2m:[0m Failed to deserialize response: data did not match any variant of untagged enum ResponseData [3mres[0m[2m=[0m"{\"message\":\"OK\",\"result\":[{\"Address\":\"0x000000000000000000636f6e736f6c652e6c6f67\"}],\"status\":\"1\"}"
[2m2026-01-27T09:34:18.602042Z[0m [31mERROR[0m [2metherscan[0m[2m:[0m Failed to deserialize response: data did not match any variant of untagged enum ResponseData [3mres[0m[2m=[0m"{\"message\":\"OK\",\"result\":[{\"Address\":\"0x000000000000000000636f6e736f6c652e6c6f67\"}],\"status\":\"1\"}"
[2m2026-01-27T09:34:18.602074Z[0m [31mERROR[0m [2metherscan[0m[2m:[0m Failed to deserialize response: data did not match any variant of untagged enum ResponseData [3mres[0m[2m=[0m"{\"message\":\"OK\",\"result\":[{\"Address\":\"0x000000000000000000636f6e736f6c652e6c6f67\"}],\"status\":\"1\"}"
[2m2026-01-27T09:34:18.602088Z[0m [31mERROR[0m [2metherscan[0m[2m:[0m Failed to deserialize response: data did not match any variant of untagged enum ResponseData [3mres[0m[2m=[0m"{\"message\":\"OK\",\"result\":[{\"Address\":\"0x000000000000000000636f6e736f6c652e6c6f67\"}],\"status\":\"1\"}"
[2m2026-01-27T09:34:18.602101Z[0m [31mERROR[0m [2metherscan[0m[2m:[0m Failed to deserialize response: data did not match any variant of untagged enum ResponseData [3mres[0m[2m=[0m"{\"message\":\"OK\",\"result\":[{\"Address\":\"0x000000000000000000636f6e736f6c652e6c6f67\"}],\"status\":\"1\"}"
[2m2026-01-27T09:34:18.602111Z[0m [31mERROR[0m [2metherscan[0m[2m:[0m Failed to deserialize response: data did not match any variant of untagged enum ResponseData [3mres[0m[2m=[0m"{\"message\":\"OK\",\"result\":[{\"Address\":\"0x000000000000000000636f6e736f6c652e6c6f67\"}],\"status\":\"1\"}"
[2m2026-01-27T09:34:18.629017Z[0m [31mERROR[0m [2metherscan[0m[2m:[0m Failed to deserialize response: data did not match any variant of untagged enum ResponseData [3mres[0m[2m=[0m"{\"message\":\"OK\",\"result\":[{\"Address\":\"0x7109709ecfa91a80626ff3989d68f67f5b1dd12d\"}],\"status\":\"1\"}"
[2m2026-01-27T09:34:18.629048Z[0m [31mERROR[0m [2metherscan[0m[2m:[0m Failed to deserialize response: data did not match any variant of untagged enum ResponseData [3mres[0m[2m=[0m"{\"message\":\"OK\",\"result\":[{\"Address\":\"0x7109709ecfa91a80626ff3989d68f67f5b1dd12d\"}],\"status\":\"1\"}"
[2m2026-01-27T09:34:18.629065Z[0m [31mERROR[0m [2metherscan[0m[2m:[0m Failed to deserialize response: data did not match any variant of untagged enum ResponseData [3mres[0m[2m=[0m"{\"message\":\"OK\",\"result\":[{\"Address\":\"0x7109709ecfa91a80626ff3989d68f67f5b1dd12d\"}],\"status\":\"1\"}"
[2m2026-01-27T09:34:18.629080Z[0m [31mERROR[0m [2metherscan[0m[2m:[0m Failed to deserialize response: data did not match any variant of untagged enum ResponseData [3mres[0m[2m=[0m"{\"message\":\"OK\",\"result\":[{\"Address\":\"0x000000000000000000636f6e736f6c652e6c6f67\"}],\"status\":\"1\"}"
[2m2026-01-27T09:34:18.629095Z[0m [31mERROR[0m [2metherscan[0m[2m:[0m Failed to deserialize response: data did not match any variant of untagged enum ResponseData [3mres[0m[2m=[0m"{\"message\":\"OK\",\"result\":[{\"Address\":\"0x7109709ecfa91a80626ff3989d68f67f5b1dd12d\"}],\"status\":\"1\"}"
[2m2026-01-27T09:34:18.652203Z[0m [31mERROR[0m [2metherscan[0m[2m:[0m Failed to deserialize response: data did not match any variant of untagged enum ResponseData [3mres[0m[2m=[0m"{\"message\":\"OK\",\"result\":[{\"Address\":\"0x7109709ecfa91a80626ff3989d68f67f5b1dd12d\"}],\"status\":\"1\"}"
[2m2026-01-27T09:34:18.656124Z[0m [31mERROR[0m [2metherscan[0m[2m:[0m Failed to deserialize response: data did not match any variant of untagged enum ResponseData [3mres[0m[2m=[0m"{\"message\":\"OK\",\"result\":[{\"Address\":\"0x7109709ecfa91a80626ff3989d68f67f5b1dd12d\"}],\"status\":\"1\"}"
[2m2026-01-27T09:34:18.656141Z[0m [31mERROR[0m [2metherscan[0m[2m:[0m Failed to deserialize response: data did not match any variant of untagged enum ResponseData [3mres[0m[2m=[0m"{\"message\":\"OK\",\"result\":[{\"Address\":\"0x7109709ecfa91a80626ff3989d68f67f5b1dd12d\"}],\"status\":\"1\"}"
[2m2026-01-27T09:34:18.656156Z[0m [31mERROR[0m [2metherscan[0m[2m:[0m Failed to deserialize response: data did not match any variant of untagged enum ResponseData [3mres[0m[2m=[0m"{\"message\":\"OK\",\"result\":[{\"Address\":\"0x7109709ecfa91a80626ff3989d68f67f5b1dd12d\"}],\"status\":\"1\"}"
[2m2026-01-27T09:34:18.656171Z[0m [31mERROR[0m [2metherscan[0m[2m:[0m Failed to deserialize response: data did not match any variant of untagged enum ResponseData [3mres[0m[2m=[0m"{\"message\":\"OK\",\"result\":[{\"Address\":\"0x7109709ecfa91a80626ff3989d68f67f5b1dd12d\"}],\"status\":\"1\"}"
[2m2026-01-27T09:34:18.676143Z[0m [31mERROR[0m [2metherscan[0m[2m:[0m Failed to deserialize response: data did not match any variant of untagged enum ResponseData [3mres[0m[2m=[0m"{\"message\":\"OK\",\"result\":[{\"Address\":\"0x7109709ecfa91a80626ff3989d68f67f5b1dd12d\"}],\"status\":\"1\"}"
[2m2026-01-27T09:34:18.678237Z[0m [31mERROR[0m [2metherscan[0m[2m:[0m Failed to deserialize response: data did not match any variant of untagged enum ResponseData [3mres[0m[2m=[0m"{\"message\":\"OK\",\"result\":[{\"Address\":\"0x3bffd2ee930c506e91453b74e7c0214da60146b9\"}],\"status\":\"1\"}"
[2m2026-01-27T09:34:18.685381Z[0m [31mERROR[0m [2metherscan[0m[2m:[0m Failed to deserialize response: data did not match any variant of untagged enum ResponseData [3mres[0m[2m=[0m"{\"message\":\"OK\",\"result\":[{\"Address\":\"0x000000000000000000636f6e736f6c652e6c6f67\"}],\"status\":\"1\"}"
[2m2026-01-27T09:34:18.685405Z[0m [31mERROR[0m [2metherscan[0m[2m:[0m Failed to deserialize response: data did not match any variant of untagged enum ResponseData [3mres[0m[2m=[0m"{\"message\":\"OK\",\"result\":[{\"Address\":\"0x000000000000000000636f6e736f6c652e6c6f67\"}],\"status\":\"1\"}"
[2m2026-01-27T09:34:18.686157Z[0m [31mERROR[0m [2metherscan[0m[2m:[0m Failed to deserialize response: data did not match any variant of untagged enum ResponseData [3mres[0m[2m=[0m"{\"message\":\"OK\",\"result\":[{\"Address\":\"0x000000000000000000636f6e736f6c652e6c6f67\"}],\"status\":\"1\"}"
[2m2026-01-27T09:34:18.698830Z[0m [31mERROR[0m [2metherscan[0m[2m:[0m Failed to deserialize response: data did not match any variant of untagged enum ResponseData [3mres[0m[2m=[0m"{\"message\":\"OK\",\"result\":[{\"Address\":\"0xdcc1bcc6ecd1e63cba178c289bc1da9f757a2ef4\"}],\"status\":\"1\"}"
[2m2026-01-27T09:34:18.703478Z[0m [31mERROR[0m [2metherscan[0m[2m:[0m Failed to deserialize response: data did not match any variant of untagged enum ResponseData [3mres[0m[2m=[0m"{\"message\":\"OK\",\"result\":[{\"Address\":\"0x000000000000000000636f6e736f6c652e6c6f67\"}],\"status\":\"1\"}"
[2m2026-01-27T09:34:18.709416Z[0m [31mERROR[0m [2metherscan[0m[2m:[0m Failed to deserialize response: data did not match any variant of untagged enum ResponseData [3mres[0m[2m=[0m"{\"message\":\"OK\",\"result\":[{\"Address\":\"0x7109709ecfa91a80626ff3989d68f67f5b1dd12d\"}],\"status\":\"1\"}"
[2m2026-01-27T09:34:18.716301Z[0m [31mERROR[0m [2metherscan[0m[2m:[0m Failed to deserialize response: data did not match any variant of untagged enum ResponseData [3mres[0m[2m=[0m"{\"message\":\"OK\",\"result\":[{\"Address\":\"0x000000000000000000636f6e736f6c652e6c6f67\"}],\"status\":\"1\"}"
[2m2026-01-27T09:34:18.716314Z[0m [31mERROR[0m [2metherscan[0m[2m:[0m Failed to deserialize response: data did not match any variant of untagged enum ResponseData [3mres[0m[2m=[0m"{\"message\":\"OK\",\"result\":[{\"Address\":\"0x000000000000000000636f6e736f6c652e6c6f67\"}],\"status\":\"1\"}"
[2m2026-01-27T09:34:18.726329Z[0m [31mERROR[0m [2metherscan[0m[2m:[0m Failed to deserialize response: data did not match any variant of untagged enum ResponseData [3mres[0m[2m=[0m"{\"message\":\"OK\",\"result\":[{\"Address\":\"0x000000000000000000636f6e736f6c652e6c6f67\"}],\"status\":\"1\"}"
[2m2026-01-27T09:34:18.729427Z[0m [31mERROR[0m [2metherscan[0m[2m:[0m Failed to deserialize response: data did not match any variant of untagged enum ResponseData [3mres[0m[2m=[0m"{\"message\":\"OK\",\"result\":[{\"Address\":\"0x000000000000000000636f6e736f6c652e6c6f67\"}],\"status\":\"1\"}"
[2m2026-01-27T09:34:18.735970Z[0m [31mERROR[0m [2metherscan[0m[2m:[0m Failed to deserialize response: data did not match any variant of untagged enum ResponseData [3mres[0m[2m=[0m"{\"message\":\"OK\",\"result\":[{\"Address\":\"0x000000000000000000636f6e736f6c652e6c6f67\"}],\"status\":\"1\"}"
[2m2026-01-27T09:34:18.739560Z[0m [31mERROR[0m [2metherscan[0m[2m:[0m Failed to deserialize response: data did not match any variant of untagged enum ResponseData [3mres[0m[2m=[0m"{\"message\":\"OK\",\"result\":[{\"Address\":\"0x7109709ecfa91a80626ff3989d68f67f5b1dd12d\"}],\"status\":\"1\"}"
[2m2026-01-27T09:34:18.743850Z[0m [31mERROR[0m [2metherscan[0m[2m:[0m Failed to deserialize response: data did not match any variant of untagged enum ResponseData [3mres[0m[2m=[0m"{\"message\":\"OK\",\"result\":[{\"Address\":\"0x000000000000000000636f6e736f6c652e6c6f67\"}],\"status\":\"1\"}"
[2m2026-01-27T09:34:18.749265Z[0m [31mERROR[0m [2metherscan[0m[2m:[0m Failed to deserialize response: data did not match any variant of untagged enum ResponseData [3mres[0m[2m=[0m"{\"message\":\"OK\",\"result\":[{\"Address\":\"0x7109709ecfa91a80626ff3989d68f67f5b1dd12d\"}],\"status\":\"1\"}"
Script ran successfully.

== Logs ==
  ==========================================================
  Deploying Upgrade Implementations
  ==========================================================
  Chain ID: 13371
  Deployer: 0xA9DdD91249DFdd450E81E1c56Ab60E1A62651701
  
  Deploying DistributionCreator implementation...
  DistributionCreator Implementation: 0xDcC1bcC6eCD1E63cBA178C289bC1dA9f757a2eF4
  Deploying Distributor implementation...
  Distributor Implementation: 0x3bFfD2ee930c506E91453B74e7c0214da60146B9
  Deployment data saved to: ./deployments/immutable-upgrade-implementations.json
  
  ==========================================================
  Deployment Complete!
  ==========================================================
  Deployment file saved to: ./deployments/immutable-upgrade-implementations.json
  
  Next steps:
  1. Verify the implementations on block explorer if not auto-verified
  2. Use these addresses to create Gnosis Safe upgrade transactions
  ==========================================================

SKIPPING ON CHAIN SIMULATION.


==========================

ONCHAIN EXECUTION COMPLETE & SUCCESSFUL.
##
Start verification for (2) contracts
Start verifying contract `0xDcC1bcC6eCD1E63cBA178C289bC1dA9f757a2eF4` deployed on immutable
EVM version: cancun
Compiler version: 0.8.25
Optimizations:    100

Submitting verification for [contracts/DistributionCreator.sol:DistributionCreator] 0xDcC1bcC6eCD1E63cBA178C289bC1dA9f757a2eF4.
Submitted contract for verification:
	Response: `OK`
	GUID: `dcc1bcc6ecd1e63cba178c289bc1da9f757a2ef4697886a5`
	URL: https://explorer.immutable.com/address/0xdcc1bcc6ecd1e63cba178c289bc1da9f757a2ef4
Contract verification status:
Response: `OK`
Details: `Pending in queue`
Warning: Verification is still pending...; waiting 15 seconds before trying again (7 tries remaining)
Contract verification status:
Response: `OK`
Details: `Pass - Verified`
Contract successfully verified
Start verifying contract `0x3bFfD2ee930c506E91453B74e7c0214da60146B9` deployed on immutable
EVM version: cancun
Compiler version: 0.8.25
Optimizations:    100

Submitting verification for [contracts/Distributor.sol:Distributor] 0x3bFfD2ee930c506E91453B74e7c0214da60146B9.
Submitted contract for verification:
	Response: `OK`
	GUID: `3bffd2ee930c506e91453b74e7c0214da60146b9697886b4`
	URL: https://explorer.immutable.com/address/0x3bffd2ee930c506e91453b74e7c0214da60146b9
Contract verification status:
Response: `OK`
Details: `Pending in queue`
Warning: Verification is still pending...; waiting 15 seconds before trying again (7 tries remaining)
Contract verification status:
Response: `OK`
Details: `Pass - Verified`
Contract successfully verified
All (2) contracts were verified!

Transactions saved to: /Users/pabloveyrat/Documents/Angle/Dev/merkl-contracts/broadcast/deployUpgradeImplementationsSingle.s.sol/13371/run-latest.json

Sensitive values saved to: /Users/pabloveyrat/Documents/Angle/Dev/merkl-contracts/cache-forge/deployUpgradeImplementationsSingle.s.sol/13371/run-latest.json

