Warning: This is a nightly build of Foundry. It is recommended to use the latest stable version. To mute this warning set `FOUNDRY_DISABLE_NIGHTLY_WARNING` in your environment. 

No files changed, compilation skipped
Warning: EIP-3855 is not supported in one or more of the RPCs used.
Unsupported Chain IDs: 59144.
Contracts deployed with a Solidity version equal or higher than 0.8.20 might not work properly.
For more information, please see https://eips.ethereum.org/EIPS/eip-3855
Script ran successfully.

== Logs ==
  ==========================================================
  Deploying Upgrade Implementations
  ==========================================================
  Chain ID: 59144
  Deployer: 0xA9DdD91249DFdd450E81E1c56Ab60E1A62651701
  
  Deploying DistributionCreator implementation...
  DistributionCreator Implementation: 0xF7F57b43b100b0f6D90C47282B1F6BCaCf4808C0
  Deploying Distributor implementation...
  Distributor Implementation: 0x3220Bc58D5e70B07a5df5616F91B9E6A8E33c041
  Deployment data saved to: ./deployments/linea-upgrade-implementations.json
  
  ==========================================================
  Deployment Complete!
  ==========================================================
  Deployment file saved to: ./deployments/linea-upgrade-implementations.json
  
  Next steps:
  1. Verify the implementations on block explorer if not auto-verified
  2. Use these addresses to create Gnosis Safe upgrade transactions
  ==========================================================

SKIPPING ON CHAIN SIMULATION.


==========================

ONCHAIN EXECUTION COMPLETE & SUCCESSFUL.
##
Start verification for (2) contracts
Start verifying contract `0xF7F57b43b100b0f6D90C47282B1F6BCaCf4808C0` deployed on linea
EVM version: cancun
Compiler version: 0.8.25
Optimizations:    100

Submitting verification for [contracts/DistributionCreator.sol:DistributionCreator] 0xF7F57b43b100b0f6D90C47282B1F6BCaCf4808C0.
Submitted contract for verification:
	Response: `OK`
	GUID: `sstwq1hu271twegdxwzxyhkeu3ccmgg5mwtvhuu3yivngzhkh4`
	URL: https://lineascan.build/address/0xf7f57b43b100b0f6d90c47282b1f6bcacf4808c0
Contract verification status:
Response: `NOTOK`
Details: `Pending in queue`
Warning: Verification is still pending...; waiting 15 seconds before trying again (7 tries remaining)
Contract verification status:
Response: `OK`
Details: `Pass - Verified`
Contract successfully verified
Start verifying contract `0x3220Bc58D5e70B07a5df5616F91B9E6A8E33c041` deployed on linea
EVM version: cancun
Compiler version: 0.8.25
Optimizations:    100

Submitting verification for [contracts/Distributor.sol:Distributor] 0x3220Bc58D5e70B07a5df5616F91B9E6A8E33c041.
Submitted contract for verification:
	Response: `OK`
	GUID: `dfr5u98eanp6hkrw71kkv41xqgmppmksuj4sdh2jptt6et1awk`
	URL: https://lineascan.build/address/0x3220bc58d5e70b07a5df5616f91b9e6a8e33c041
Contract verification status:
Response: `NOTOK`
Details: `Pending in queue`
Warning: Verification is still pending...; waiting 15 seconds before trying again (7 tries remaining)
Contract verification status:
Response: `OK`
Details: `Pass - Verified`
Contract successfully verified
All (2) contracts were verified!

Transactions saved to: /Users/pabloveyrat/Documents/Angle/Dev/merkl-contracts/broadcast/deployUpgradeImplementationsSingle.s.sol/59144/run-latest.json

Sensitive values saved to: /Users/pabloveyrat/Documents/Angle/Dev/merkl-contracts/cache-forge/deployUpgradeImplementationsSingle.s.sol/59144/run-latest.json

