Warning: This is a nightly build of Foundry. It is recommended to use the latest stable version. To mute this warning set `FOUNDRY_DISABLE_NIGHTLY_WARNING` in your environment. 

No files changed, compilation skipped
Script ran successfully.

== Logs ==
  ==========================================================
  Deploying Upgrade Implementations
  ==========================================================
  Chain ID: 169
  Deployer: 0xA9DdD91249DFdd450E81E1c56Ab60E1A62651701
  
  Deploying DistributionCreator implementation...
  DistributionCreator Implementation: 0x17D12099431662725281ccE5041809d3D991Caf7
  Deploying Distributor implementation...
  Distributor Implementation: 0x707a696bbd913bcC979ad1d41a969Ab6ddEe6E27
  Deployment data saved to: ./deployments/manta-upgrade-implementations.json
  
  ==========================================================
  Deployment Complete!
  ==========================================================
  Deployment file saved to: ./deployments/manta-upgrade-implementations.json
  
  Next steps:
  1. Verify the implementations on block explorer if not auto-verified
  2. Use these addresses to create Gnosis Safe upgrade transactions
  ==========================================================

SKIPPING ON CHAIN SIMULATION.


==========================

ONCHAIN EXECUTION COMPLETE & SUCCESSFUL.
##
Start verification for (2) contracts
Start verifying contract `0x17D12099431662725281ccE5041809d3D991Caf7` deployed on 169
EVM version: cancun
Compiler version: 0.8.25
Optimizations:    100
Attempting to verify on Sourcify. Pass the --etherscan-api-key <API_KEY> to verify on Etherscan, or use the --verifier flag to verify on another provider.

Submitting verification for [DistributionCreator] "0x17D12099431662725281ccE5041809d3D991Caf7".
Warning: Sourcify verification request for address (0x17D12099431662725281ccE5041809d3D991Caf7) failed with status code 404 Not Found
Details: {
  "customCode": "unsupported_chain",
  "message": "Chain 169 not found",
  "errorId": "746d7bb5-de96-4dcc-bb36-5f1bee23d6cd"
}; waiting 5 seconds before trying again (4 tries remaining)

Submitting verification for [DistributionCreator] "0x17D12099431662725281ccE5041809d3D991Caf7".
Warning: Sourcify verification request for address (0x17D12099431662725281ccE5041809d3D991Caf7) failed with status code 404 Not Found
Details: {
  "customCode": "unsupported_chain",
  "message": "Chain 169 not found",
  "errorId": "f2b36928-4ab3-49bc-9960-2490675dd929"
}; waiting 5 seconds before trying again (3 tries remaining)

Submitting verification for [DistributionCreator] "0x17D12099431662725281ccE5041809d3D991Caf7".
Warning: Sourcify verification request for address (0x17D12099431662725281ccE5041809d3D991Caf7) failed with status code 404 Not Found
Details: {
  "customCode": "unsupported_chain",
  "message": "Chain 169 not found",
  "errorId": "f8e98714-cfac-4e47-93f6-a89cb40b62f7"
}; waiting 5 seconds before trying again (2 tries remaining)

Submitting verification for [DistributionCreator] "0x17D12099431662725281ccE5041809d3D991Caf7".
Warning: Sourcify verification request for address (0x17D12099431662725281ccE5041809d3D991Caf7) failed with status code 404 Not Found
Details: {
  "customCode": "unsupported_chain",
  "message": "Chain 169 not found",
  "errorId": "7c4bc528-5648-4a72-bf2d-8a6f3e114eb0"
}; waiting 5 seconds before trying again (1 tries remaining)

Submitting verification for [DistributionCreator] "0x17D12099431662725281ccE5041809d3D991Caf7".
Warning: Sourcify verification request for address (0x17D12099431662725281ccE5041809d3D991Caf7) failed with status code 404 Not Found
Details: {
  "customCode": "unsupported_chain",
  "message": "Chain 169 not found",
  "errorId": "ecb9be68-e6ff-4482-b438-4587cc2a7ac0"
}; waiting 5 seconds before trying again (0 tries remaining)

Submitting verification for [DistributionCreator] "0x17D12099431662725281ccE5041809d3D991Caf7".
Error: Failed to verify contract: Sourcify verification request for address (0x17D12099431662725281ccE5041809d3D991Caf7) failed with status code 404 Not Found
Details: {
  "customCode": "unsupported_chain",
  "message": "Chain 169 not found",
  "errorId": "fc13eaac-7db1-4a41-a794-befe6cf941f3"
}
Start verifying contract `0x707a696bbd913bcC979ad1d41a969Ab6ddEe6E27` deployed on 169
EVM version: cancun
Compiler version: 0.8.25
Optimizations:    100
Attempting to verify on Sourcify. Pass the --etherscan-api-key <API_KEY> to verify on Etherscan, or use the --verifier flag to verify on another provider.

Submitting verification for [Distributor] "0x707a696bbd913bcC979ad1d41a969Ab6ddEe6E27".
Warning: Sourcify verification request for address (0x707a696bbd913bcC979ad1d41a969Ab6ddEe6E27) failed with status code 404 Not Found
Details: {
  "customCode": "unsupported_chain",
  "message": "Chain 169 not found",
  "errorId": "0a9f0514-55f3-40f9-a623-907c0fc63f2e"
}; waiting 5 seconds before trying again (4 tries remaining)

Submitting verification for [Distributor] "0x707a696bbd913bcC979ad1d41a969Ab6ddEe6E27".
Warning: Sourcify verification request for address (0x707a696bbd913bcC979ad1d41a969Ab6ddEe6E27) failed with status code 404 Not Found
Details: {
  "customCode": "unsupported_chain",
  "message": "Chain 169 not found",
  "errorId": "22ce6966-a4e8-4070-a2a4-1a02ad71b20a"
}; waiting 5 seconds before trying again (3 tries remaining)

Submitting verification for [Distributor] "0x707a696bbd913bcC979ad1d41a969Ab6ddEe6E27".
Warning: Sourcify verification request for address (0x707a696bbd913bcC979ad1d41a969Ab6ddEe6E27) failed with status code 404 Not Found
Details: {
  "customCode": "unsupported_chain",
  "message": "Chain 169 not found",
  "errorId": "7b1c75e5-9303-4cb8-ae8a-86767677d657"
}; waiting 5 seconds before trying again (2 tries remaining)

Submitting verification for [Distributor] "0x707a696bbd913bcC979ad1d41a969Ab6ddEe6E27".
Warning: Sourcify verification request for address (0x707a696bbd913bcC979ad1d41a969Ab6ddEe6E27) failed with status code 404 Not Found
Details: {
  "customCode": "unsupported_chain",
  "message": "Chain 169 not found",
  "errorId": "1191349c-9fa6-4156-956a-753388c3f128"
}; waiting 5 seconds before trying again (1 tries remaining)

Submitting verification for [Distributor] "0x707a696bbd913bcC979ad1d41a969Ab6ddEe6E27".
Warning: Sourcify verification request for address (0x707a696bbd913bcC979ad1d41a969Ab6ddEe6E27) failed with status code 404 Not Found
Details: {
  "customCode": "unsupported_chain",
  "message": "Chain 169 not found",
  "errorId": "899af195-17a2-4105-9ff1-90326415923d"
}; waiting 5 seconds before trying again (0 tries remaining)

Submitting verification for [Distributor] "0x707a696bbd913bcC979ad1d41a969Ab6ddEe6E27".
Error: Failed to verify contract: Sourcify verification request for address (0x707a696bbd913bcC979ad1d41a969Ab6ddEe6E27) failed with status code 404 Not Found
Details: {
  "customCode": "unsupported_chain",
  "message": "Chain 169 not found",
  "errorId": "23f52b60-f00b-4704-b1fd-387226196f30"
}

Transactions saved to: /Users/pabloveyrat/Documents/Angle/Dev/merkl-contracts/broadcast/deployUpgradeImplementationsSingle.s.sol/169/run-latest.json

Sensitive values saved to: /Users/pabloveyrat/Documents/Angle/Dev/merkl-contracts/cache-forge/deployUpgradeImplementationsSingle.s.sol/169/run-latest.json

Error: Not all (0 / 2) contracts were verified!
