Warning: This is a nightly build of Foundry. It is recommended to use the latest stable version. To mute this warning set `FOUNDRY_DISABLE_NIGHTLY_WARNING` in your environment. 

No files changed, compilation skipped
[2m2026-01-27T11:20:51.021718Z[0m [31mERROR[0m [2metherscan[0m[2m:[0m Failed to deserialize response: expected value at line 1 column 1 [3mres[0m[2m=[0m"<!DOCTYPE html PUBLIC \"-//W3C//DTD XHTML 1.0 Strict//EN\" \"http://www.w3.org/TR/xhtml1/DTD/xhtml1-strict.dtd\">\r\n<html xmlns=\"http://www.w3.org/1999/xhtml\">\r\n<head>\r\n<meta http-equiv=\"Content-Type\" content=\"text/html; charset=iso-8859-1\"/>\r\n<title>403 - Forbidden: Access is denied.</title>\r\n<style type=\"text/css\">\r\n<!--\r\nbody{margin:0;font-size:.7em;font-family:Verdana, Arial, Helvetica, sans-serif;background:#EEEEEE;}\r\nfieldset{padding:0 15px 10px 15px;} \r\nh1{font-size:2.4em;margin:0;color:#FFF;}\r\nh2{font-size:1.7em;margin:0;color:#CC0000;} \r\nh3{font-size:1.2em;margin:10px 0 0 0;color:#000000;} \r\n#header{width:96%;margin:0 0 0 0;padding:6px 2% 6px 2%;font-family:\"trebuchet MS\", Verdana, sans-serif;color:#FFF;\r\nbackground-color:#555555;}\r\n#content{margin:0 0 0 2%;position:relative;}\r\n.content-container{background:#FFF;width:96%;margin-top:8px;padding:10px;position:relative;}\r\n-->\r\n</style>\r\n</head>\r\n<body>\r\n<div id=\"header\"><h1>Server Error</h1></div>\r\n<div id=\"content\">\r\n <div class=\"content-container\"><fieldset>\r\n  <h2>403 - Forbidden: Access is denied.</h2>\r\n  <h3>You do not have permission to view this directory or page using the credentials that you supplied.</h3>\r\n </fieldset></div>\r\n</div>\r\n</body>\r\n</html>\r\n"
[2m2026-01-27T11:20:51.031853Z[0m [31mERROR[0m [2metherscan[0m[2m:[0m Failed to deserialize response: expected value at line 1 column 1 [3mres[0m[2m=[0m"<!DOCTYPE html PUBLIC \"-//W3C//DTD XHTML 1.0 Strict//EN\" \"http://www.w3.org/TR/xhtml1/DTD/xhtml1-strict.dtd\">\r\n<html xmlns=\"http://www.w3.org/1999/xhtml\">\r\n<head>\r\n<meta http-equiv=\"Content-Type\" content=\"text/html; charset=iso-8859-1\"/>\r\n<title>403 - Forbidden: Access is denied.</title>\r\n<style type=\"text/css\">\r\n<!--\r\nbody{margin:0;font-size:.7em;font-family:Verdana, Arial, Helvetica, sans-serif;background:#EEEEEE;}\r\nfieldset{padding:0 15px 10px 15px;} \r\nh1{font-size:2.4em;margin:0;color:#FFF;}\r\nh2{font-size:1.7em;margin:0;color:#CC0000;} \r\nh3{font-size:1.2em;margin:10px 0 0 0;color:#000000;} \r\n#header{width:96%;margin:0 0 0 0;padding:6px 2% 6px 2%;font-family:\"trebuchet MS\", Verdana, sans-serif;color:#FFF;\r\nbackground-color:#555555;}\r\n#content{margin:0 0 0 2%;position:relative;}\r\n.content-container{background:#FFF;width:96%;margin-top:8px;padding:10px;position:relative;}\r\n-->\r\n</style>\r\n</head>\r\n<body>\r\n<div id=\"header\"><h1>Server Error</h1></div>\r\n<div id=\"content\">\r\n <div class=\"content-container\"><fieldset>\r\n  <h2>403 - Forbidden: Access is denied.</h2>\r\n  <h3>You do not have permission to view this directory or page using the credentials that you supplied.</h3>\r\n </fieldset></div>\r\n</div>\r\n</body>\r\n</html>\r\n"
[2m2026-01-27T11:20:51.045123Z[0m [31mERROR[0m [2metherscan[0m[2m:[0m Failed to deserialize response: expected value at line 1 column 1 [3mres[0m[2m=[0m"<!DOCTYPE html PUBLIC \"-//W3C//DTD XHTML 1.0 Strict//EN\" \"http://www.w3.org/TR/xhtml1/DTD/xhtml1-strict.dtd\">\r\n<html xmlns=\"http://www.w3.org/1999/xhtml\">\r\n<head>\r\n<meta http-equiv=\"Content-Type\" content=\"text/html; charset=iso-8859-1\"/>\r\n<title>403 - Forbidden: Access is denied.</title>\r\n<style type=\"text/css\">\r\n<!--\r\nbody{margin:0;font-size:.7em;font-family:Verdana, Arial, Helvetica, sans-serif;background:#EEEEEE;}\r\nfieldset{padding:0 15px 10px 15px;} \r\nh1{font-size:2.4em;margin:0;color:#FFF;}\r\nh2{font-size:1.7em;margin:0;color:#CC0000;} \r\nh3{font-size:1.2em;margin:10px 0 0 0;color:#000000;} \r\n#header{width:96%;margin:0 0 0 0;padding:6px 2% 6px 2%;font-family:\"trebuchet MS\", Verdana, sans-serif;color:#FFF;\r\nbackground-color:#555555;}\r\n#content{margin:0 0 0 2%;position:relative;}\r\n.content-container{background:#FFF;width:96%;margin-top:8px;padding:10px;position:relative;}\r\n-->\r\n</style>\r\n</head>\r\n<body>\r\n<div id=\"header\"><h1>Server Error</h1></div>\r\n<div id=\"content\">\r\n <div class=\"content-container\"><fieldset>\r\n  <h2>403 - Forbidden: Access is denied.</h2>\r\n  <h3>You do not have permission to view this directory or page using the credentials that you supplied.</h3>\r\n </fieldset></div>\r\n</div>\r\n</body>\r\n</html>\r\n"
[2m2026-01-27T11:20:51.057643Z[0m [31mERROR[0m [2metherscan[0m[2m:[0m Failed to deserialize response: expected value at line 1 column 1 [3mres[0m[2m=[0m"<!DOCTYPE html PUBLIC \"-//W3C//DTD XHTML 1.0 Strict//EN\" \"http://www.w3.org/TR/xhtml1/DTD/xhtml1-strict.dtd\">\r\n<html xmlns=\"http://www.w3.org/1999/xhtml\">\r\n<head>\r\n<meta http-equiv=\"Content-Type\" content=\"text/html; charset=iso-8859-1\"/>\r\n<title>403 - Forbidden: Access is denied.</title>\r\n<style type=\"text/css\">\r\n<!--\r\nbody{margin:0;font-size:.7em;font-family:Verdana, Arial, Helvetica, sans-serif;background:#EEEEEE;}\r\nfieldset{padding:0 15px 10px 15px;} \r\nh1{font-size:2.4em;margin:0;color:#FFF;}\r\nh2{font-size:1.7em;margin:0;color:#CC0000;} \r\nh3{font-size:1.2em;margin:10px 0 0 0;color:#000000;} \r\n#header{width:96%;margin:0 0 0 0;padding:6px 2% 6px 2%;font-family:\"trebuchet MS\", Verdana, sans-serif;color:#FFF;\r\nbackground-color:#555555;}\r\n#content{margin:0 0 0 2%;position:relative;}\r\n.content-container{background:#FFF;width:96%;margin-top:8px;padding:10px;position:relative;}\r\n-->\r\n</style>\r\n</head>\r\n<body>\r\n<div id=\"header\"><h1>Server Error</h1></div>\r\n<div id=\"content\">\r\n <div class=\"content-container\"><fieldset>\r\n  <h2>403 - Forbidden: Access is denied.</h2>\r\n  <h3>You do not have permission to view this directory or page using the credentials that you supplied.</h3>\r\n </fieldset></div>\r\n</div>\r\n</body>\r\n</html>\r\n"
[2m2026-01-27T11:20:51.069322Z[0m [31mERROR[0m [2metherscan[0m[2m:[0m Failed to deserialize response: expected value at line 1 column 1 [3mres[0m[2m=[0m"<!DOCTYPE html PUBLIC \"-//W3C//DTD XHTML 1.0 Strict//EN\" \"http://www.w3.org/TR/xhtml1/DTD/xhtml1-strict.dtd\">\r\n<html xmlns=\"http://www.w3.org/1999/xhtml\">\r\n<head>\r\n<meta http-equiv=\"Content-Type\" content=\"text/html; charset=iso-8859-1\"/>\r\n<title>403 - Forbidden: Access is denied.</title>\r\n<style type=\"text/css\">\r\n<!--\r\nbody{margin:0;font-size:.7em;font-family:Verdana, Arial, Helvetica, sans-serif;background:#EEEEEE;}\r\nfieldset{padding:0 15px 10px 15px;} \r\nh1{font-size:2.4em;margin:0;color:#FFF;}\r\nh2{font-size:1.7em;margin:0;color:#CC0000;} \r\nh3{font-size:1.2em;margin:10px 0 0 0;color:#000000;} \r\n#header{width:96%;margin:0 0 0 0;padding:6px 2% 6px 2%;font-family:\"trebuchet MS\", Verdana, sans-serif;color:#FFF;\r\nbackground-color:#555555;}\r\n#content{margin:0 0 0 2%;position:relative;}\r\n.content-container{background:#FFF;width:96%;margin-top:8px;padding:10px;position:relative;}\r\n-->\r\n</style>\r\n</head>\r\n<body>\r\n<div id=\"header\"><h1>Server Error</h1></div>\r\n<div id=\"content\">\r\n <div class=\"content-container\"><fieldset>\r\n  <h2>403 - Forbidden: Access is denied.</h2>\r\n  <h3>You do not have permission to view this directory or page using the credentials that you supplied.</h3>\r\n </fieldset></div>\r\n</div>\r\n</body>\r\n</html>\r\n"
[2m2026-01-27T11:20:51.133379Z[0m [31mERROR[0m [2metherscan[0m[2m:[0m Failed to deserialize response: expected value at line 1 column 1 [3mres[0m[2m=[0m"<!DOCTYPE html PUBLIC \"-//W3C//DTD XHTML 1.0 Strict//EN\" \"http://www.w3.org/TR/xhtml1/DTD/xhtml1-strict.dtd\">\r\n<html xmlns=\"http://www.w3.org/1999/xhtml\">\r\n<head>\r\n<meta http-equiv=\"Content-Type\" content=\"text/html; charset=iso-8859-1\"/>\r\n<title>403 - Forbidden: Access is denied.</title>\r\n<style type=\"text/css\">\r\n<!--\r\nbody{margin:0;font-size:.7em;font-family:Verdana, Arial, Helvetica, sans-serif;background:#EEEEEE;}\r\nfieldset{padding:0 15px 10px 15px;} \r\nh1{font-size:2.4em;margin:0;color:#FFF;}\r\nh2{font-size:1.7em;margin:0;color:#CC0000;} \r\nh3{font-size:1.2em;margin:10px 0 0 0;color:#000000;} \r\n#header{width:96%;margin:0 0 0 0;padding:6px 2% 6px 2%;font-family:\"trebuchet MS\", Verdana, sans-serif;color:#FFF;\r\nbackground-color:#555555;}\r\n#content{margin:0 0 0 2%;position:relative;}\r\n.content-container{background:#FFF;width:96%;margin-top:8px;padding:10px;position:relative;}\r\n-->\r\n</style>\r\n</head>\r\n<body>\r\n<div id=\"header\"><h1>Server Error</h1></div>\r\n<div id=\"content\">\r\n <div class=\"content-container\"><fieldset>\r\n  <h2>403 - Forbidden: Access is denied.</h2>\r\n  <h3>You do not have permission to view this directory or page using the credentials that you supplied.</h3>\r\n </fieldset></div>\r\n</div>\r\n</body>\r\n</html>\r\n"
[2m2026-01-27T11:20:51.146234Z[0m [31mERROR[0m [2metherscan[0m[2m:[0m Failed to deserialize response: expected value at line 1 column 1 [3mres[0m[2m=[0m"<!DOCTYPE html PUBLIC \"-//W3C//DTD XHTML 1.0 Strict//EN\" \"http://www.w3.org/TR/xhtml1/DTD/xhtml1-strict.dtd\">\r\n<html xmlns=\"http://www.w3.org/1999/xhtml\">\r\n<head>\r\n<meta http-equiv=\"Content-Type\" content=\"text/html; charset=iso-8859-1\"/>\r\n<title>403 - Forbidden: Access is denied.</title>\r\n<style type=\"text/css\">\r\n<!--\r\nbody{margin:0;font-size:.7em;font-family:Verdana, Arial, Helvetica, sans-serif;background:#EEEEEE;}\r\nfieldset{padding:0 15px 10px 15px;} \r\nh1{font-size:2.4em;margin:0;color:#FFF;}\r\nh2{font-size:1.7em;margin:0;color:#CC0000;} \r\nh3{font-size:1.2em;margin:10px 0 0 0;color:#000000;} \r\n#header{width:96%;margin:0 0 0 0;padding:6px 2% 6px 2%;font-family:\"trebuchet MS\", Verdana, sans-serif;color:#FFF;\r\nbackground-color:#555555;}\r\n#content{margin:0 0 0 2%;position:relative;}\r\n.content-container{background:#FFF;width:96%;margin-top:8px;padding:10px;position:relative;}\r\n-->\r\n</style>\r\n</head>\r\n<body>\r\n<div id=\"header\"><h1>Server Error</h1></div>\r\n<div id=\"content\">\r\n <div class=\"content-container\"><fieldset>\r\n  <h2>403 - Forbidden: Access is denied.</h2>\r\n  <h3>You do not have permission to view this directory or page using the credentials that you supplied.</h3>\r\n </fieldset></div>\r\n</div>\r\n</body>\r\n</html>\r\n"
[2m2026-01-27T11:20:51.157869Z[0m [31mERROR[0m [2metherscan[0m[2m:[0m Failed to deserialize response: expected value at line 1 column 1 [3mres[0m[2m=[0m"<!DOCTYPE html PUBLIC \"-//W3C//DTD XHTML 1.0 Strict//EN\" \"http://www.w3.org/TR/xhtml1/DTD/xhtml1-strict.dtd\">\r\n<html xmlns=\"http://www.w3.org/1999/xhtml\">\r\n<head>\r\n<meta http-equiv=\"Content-Type\" content=\"text/html; charset=iso-8859-1\"/>\r\n<title>403 - Forbidden: Access is denied.</title>\r\n<style type=\"text/css\">\r\n<!--\r\nbody{margin:0;font-size:.7em;font-family:Verdana, Arial, Helvetica, sans-serif;background:#EEEEEE;}\r\nfieldset{padding:0 15px 10px 15px;} \r\nh1{font-size:2.4em;margin:0;color:#FFF;}\r\nh2{font-size:1.7em;margin:0;color:#CC0000;} \r\nh3{font-size:1.2em;margin:10px 0 0 0;color:#000000;} \r\n#header{width:96%;margin:0 0 0 0;padding:6px 2% 6px 2%;font-family:\"trebuchet MS\", Verdana, sans-serif;color:#FFF;\r\nbackground-color:#555555;}\r\n#content{margin:0 0 0 2%;position:relative;}\r\n.content-container{background:#FFF;width:96%;margin-top:8px;padding:10px;position:relative;}\r\n-->\r\n</style>\r\n</head>\r\n<body>\r\n<div id=\"header\"><h1>Server Error</h1></div>\r\n<div id=\"content\">\r\n <div class=\"content-container\"><fieldset>\r\n  <h2>403 - Forbidden: Access is denied.</h2>\r\n  <h3>You do not have permission to view this directory or page using the credentials that you supplied.</h3>\r\n </fieldset></div>\r\n</div>\r\n</body>\r\n</html>\r\n"
[2m2026-01-27T11:20:51.170699Z[0m [31mERROR[0m [2metherscan[0m[2m:[0m Failed to deserialize response: expected value at line 1 column 1 [3mres[0m[2m=[0m"<!DOCTYPE html PUBLIC \"-//W3C//DTD XHTML 1.0 Strict//EN\" \"http://www.w3.org/TR/xhtml1/DTD/xhtml1-strict.dtd\">\r\n<html xmlns=\"http://www.w3.org/1999/xhtml\">\r\n<head>\r\n<meta http-equiv=\"Content-Type\" content=\"text/html; charset=iso-8859-1\"/>\r\n<title>403 - Forbidden: Access is denied.</title>\r\n<style type=\"text/css\">\r\n<!--\r\nbody{margin:0;font-size:.7em;font-family:Verdana, Arial, Helvetica, sans-serif;background:#EEEEEE;}\r\nfieldset{padding:0 15px 10px 15px;} \r\nh1{font-size:2.4em;margin:0;color:#FFF;}\r\nh2{font-size:1.7em;margin:0;color:#CC0000;} \r\nh3{font-size:1.2em;margin:10px 0 0 0;color:#000000;} \r\n#header{width:96%;margin:0 0 0 0;padding:6px 2% 6px 2%;font-family:\"trebuchet MS\", Verdana, sans-serif;color:#FFF;\r\nbackground-color:#555555;}\r\n#content{margin:0 0 0 2%;position:relative;}\r\n.content-container{background:#FFF;width:96%;margin-top:8px;padding:10px;position:relative;}\r\n-->\r\n</style>\r\n</head>\r\n<body>\r\n<div id=\"header\"><h1>Server Error</h1></div>\r\n<div id=\"content\">\r\n <div class=\"content-container\"><fieldset>\r\n  <h2>403 - Forbidden: Access is denied.</h2>\r\n  <h3>You do not have permission to view this directory or page using the credentials that you supplied.</h3>\r\n </fieldset></div>\r\n</div>\r\n</body>\r\n</html>\r\n"
[2m2026-01-27T11:20:51.182894Z[0m [31mERROR[0m [2metherscan[0m[2m:[0m Failed to deserialize response: expected value at line 1 column 1 [3mres[0m[2m=[0m"<!DOCTYPE html PUBLIC \"-//W3C//DTD XHTML 1.0 Strict//EN\" \"http://www.w3.org/TR/xhtml1/DTD/xhtml1-strict.dtd\">\r\n<html xmlns=\"http://www.w3.org/1999/xhtml\">\r\n<head>\r\n<meta http-equiv=\"Content-Type\" content=\"text/html; charset=iso-8859-1\"/>\r\n<title>403 - Forbidden: Access is denied.</title>\r\n<style type=\"text/css\">\r\n<!--\r\nbody{margin:0;font-size:.7em;font-family:Verdana, Arial, Helvetica, sans-serif;background:#EEEEEE;}\r\nfieldset{padding:0 15px 10px 15px;} \r\nh1{font-size:2.4em;margin:0;color:#FFF;}\r\nh2{font-size:1.7em;margin:0;color:#CC0000;} \r\nh3{font-size:1.2em;margin:10px 0 0 0;color:#000000;} \r\n#header{width:96%;margin:0 0 0 0;padding:6px 2% 6px 2%;font-family:\"trebuchet MS\", Verdana, sans-serif;color:#FFF;\r\nbackground-color:#555555;}\r\n#content{margin:0 0 0 2%;position:relative;}\r\n.content-container{background:#FFF;width:96%;margin-top:8px;padding:10px;position:relative;}\r\n-->\r\n</style>\r\n</head>\r\n<body>\r\n<div id=\"header\"><h1>Server Error</h1></div>\r\n<div id=\"content\">\r\n <div class=\"content-container\"><fieldset>\r\n  <h2>403 - Forbidden: Access is denied.</h2>\r\n  <h3>You do not have permission to view this directory or page using the credentials that you supplied.</h3>\r\n </fieldset></div>\r\n</div>\r\n</body>\r\n</html>\r\n"
Warning: EIP-3855 is not supported in one or more of the RPCs used.
Unsupported Chain IDs: 1284.
Contracts deployed with a Solidity version equal or higher than 0.8.20 might not work properly.
For more information, please see https://eips.ethereum.org/EIPS/eip-3855
Script ran successfully.

== Logs ==
  ==========================================================
  Deploying Upgrade Implementations
  ==========================================================
  Chain ID: 1284
  Deployer: 0xA9DdD91249DFdd450E81E1c56Ab60E1A62651701
  
  Deploying DistributionCreator implementation...
  DistributionCreator Implementation: 0x1C6F6e2b226D99af2C34d875a03E055492914442
  Deploying Distributor implementation...
  Distributor Implementation: 0x0b5A95f9446D9918aB479B94cd584467A3827dA4
  Deployment data saved to: ./deployments/moonbeam-upgrade-implementations.json
  
  ==========================================================
  Deployment Complete!
  ==========================================================
  Deployment file saved to: ./deployments/moonbeam-upgrade-implementations.json
  
  Next steps:
  1. Verify the implementations on block explorer if not auto-verified
  2. Use these addresses to create Gnosis Safe upgrade transactions
  ==========================================================

SKIPPING ON CHAIN SIMULATION.


==========================

ONCHAIN EXECUTION COMPLETE & SUCCESSFUL.
##
Start verification for (2) contracts
Start verifying contract `0x1C6F6e2b226D99af2C34d875a03E055492914442` deployed on moonbeam
EVM version: cancun
Compiler version: 0.8.25
Optimizations:    100

Submitting verification for [contracts/DistributionCreator.sol:DistributionCreator] 0x1C6F6e2b226D99af2C34d875a03E055492914442.
Warning: Could not detect deployment: Unable to locate ContractCode at 0x1c6f6e2b226d99af2c34d875a03e055492914442; waiting 5 seconds before trying again (4 tries remaining)

Submitting verification for [contracts/DistributionCreator.sol:DistributionCreator] 0x1C6F6e2b226D99af2C34d875a03E055492914442.
Warning: Could not detect deployment: Unable to locate ContractCode at 0x1c6f6e2b226d99af2c34d875a03e055492914442; waiting 5 seconds before trying again (3 tries remaining)

Submitting verification for [contracts/DistributionCreator.sol:DistributionCreator] 0x1C6F6e2b226D99af2C34d875a03E055492914442.
Warning: Could not detect deployment: Unable to locate ContractCode at 0x1c6f6e2b226d99af2c34d875a03e055492914442; waiting 5 seconds before trying again (2 tries remaining)

Submitting verification for [contracts/DistributionCreator.sol:DistributionCreator] 0x1C6F6e2b226D99af2C34d875a03E055492914442.
Warning: Could not detect deployment: Unable to locate ContractCode at 0x1c6f6e2b226d99af2c34d875a03e055492914442; waiting 5 seconds before trying again (1 tries remaining)

Submitting verification for [contracts/DistributionCreator.sol:DistributionCreator] 0x1C6F6e2b226D99af2C34d875a03E055492914442.
Warning: Could not detect deployment: Unable to locate ContractCode at 0x1c6f6e2b226d99af2c34d875a03e055492914442; waiting 5 seconds before trying again (0 tries remaining)

Submitting verification for [contracts/DistributionCreator.sol:DistributionCreator] 0x1C6F6e2b226D99af2C34d875a03E055492914442.
Error: Failed to verify contract: Could not detect deployment: Unable to locate ContractCode at 0x1c6f6e2b226d99af2c34d875a03e055492914442
Start verifying contract `0x0b5A95f9446D9918aB479B94cd584467A3827dA4` deployed on moonbeam
EVM version: cancun
Compiler version: 0.8.25
Optimizations:    100

Submitting verification for [contracts/Distributor.sol:Distributor] 0x0b5A95f9446D9918aB479B94cd584467A3827dA4.
Warning: Could not detect deployment: Unable to locate ContractCode at 0x0b5a95f9446d9918ab479b94cd584467a3827da4; waiting 5 seconds before trying again (4 tries remaining)

Submitting verification for [contracts/Distributor.sol:Distributor] 0x0b5A95f9446D9918aB479B94cd584467A3827dA4.
Submitted contract for verification:
	Response: `OK`
	GUID: `s5wnhuwkcjhsmbms2fyhyt1ddl8jkxs3ziux4nlugpdg3nmtkc`
	URL: https://moonbeam.moonscan.io/address/0x0b5a95f9446d9918ab479b94cd584467a3827da4
Contract verification status:
Response: `NOTOK`
Details: `Pending in queue`
Warning: Verification is still pending...; waiting 15 seconds before trying again (7 tries remaining)
Contract verification status:
Response: `OK`
Details: `Pass - Verified`
Contract successfully verified

Transactions saved to: /Users/pabloveyrat/Documents/Angle/Dev/merkl-contracts/broadcast/deployUpgradeImplementationsSingle.s.sol/1284/run-latest.json

Sensitive values saved to: /Users/pabloveyrat/Documents/Angle/Dev/merkl-contracts/cache-forge/deployUpgradeImplementationsSingle.s.sol/1284/run-latest.json

Error: Not all (1 / 2) contracts were verified!
