Warning: This is a nightly build of Foundry. It is recommended to use the latest stable version. To mute this warning set `FOUNDRY_DISABLE_NIGHTLY_WARNING` in your environment. 

No files changed, compilation skipped
Script ran successfully.

== Logs ==
  ==========================================================
  Deploying Upgrade Implementations
  ==========================================================
  Chain ID: 151
  Deployer: 0xA9DdD91249DFdd450E81E1c56Ab60E1A62651701
  
  Deploying DistributionCreator implementation...
  DistributionCreator Implementation: 0x028e1f0DB25DAF4ce8C895215deAfbCE7A873b24
  Deploying Distributor implementation...
  Distributor Implementation: 0xc3ef7ed4F97450Ae8dA2473068375788BdeB5c5c
  Deployment data saved to: ./deployments/redbelly-upgrade-implementations.json
  
  ==========================================================
  Deployment Complete!
  ==========================================================
  Deployment file saved to: ./deployments/redbelly-upgrade-implementations.json
  
  Next steps:
  1. Verify the implementations on block explorer if not auto-verified
  2. Use these addresses to create Gnosis Safe upgrade transactions
  ==========================================================

SKIPPING ON CHAIN SIMULATION.

Transactions saved to: /Users/pabloveyrat/Documents/Angle/Dev/merkl-contracts/broadcast/deployUpgradeImplementationsSingle.s.sol/151/run-latest.json

Sensitive values saved to: /Users/pabloveyrat/Documents/Angle/Dev/merkl-contracts/cache-forge/deployUpgradeImplementationsSingle.s.sol/151/run-latest.json

Error: Failed to send transaction after 4 attempts Err(Failed to estimate gas for tx

Context:
- server returned an error response: error code -32000: contract creation code storage out of gas)

Context:
- Failed to build transaction: AnyTxType(2) transaction can't be built due to missing keys: ["gas_limit"]
