Warning: This is a nightly build of Foundry. It is recommended to use the latest stable version. To mute this warning set `FOUNDRY_DISABLE_NIGHTLY_WARNING` in your environment. 

No files changed, compilation skipped
Script ran successfully.

== Logs ==
  ==========================================================
  Deploying Upgrade Implementations
  ==========================================================
  Chain ID: 239
  Deployer: 0xA9DdD91249DFdd450E81E1c56Ab60E1A62651701
  
  Deploying DistributionCreator implementation...
  DistributionCreator Implementation: 0x1EC107962898A50EDB21d83b102CCdF91750DE05
  Deploying Distributor implementation...
  Distributor Implementation: 0x9D941Ae205Aac1eb9c1BBb5F4235341af17Fe6b6
  Deployment data saved to: ./deployments/tac-upgrade-implementations.json
  
  ==========================================================
  Deployment Complete!
  ==========================================================
  Deployment file saved to: ./deployments/tac-upgrade-implementations.json
  
  Next steps:
  1. Verify the implementations on block explorer if not auto-verified
  2. Use these addresses to create Gnosis Safe upgrade transactions
  ==========================================================

SKIPPING ON CHAIN SIMULATION.


==========================

ONCHAIN EXECUTION COMPLETE & SUCCESSFUL.
##
Start verification for (2) contracts
Start verifying contract `0x1EC107962898A50EDB21d83b102CCdF91750DE05` deployed on 239
EVM version: cancun
Compiler version: 0.8.25
Optimizations:    100
Attempting to verify on Sourcify. Pass the --etherscan-api-key <API_KEY> to verify on Etherscan, or use the --verifier flag to verify on another provider.

Submitting verification for [DistributionCreator] "0x1EC107962898A50EDB21d83b102CCdF91750DE05".
Warning: Sourcify verification request for address (0x1EC107962898A50EDB21d83b102CCdF91750DE05) failed with status code 404 Not Found
Details: {
  "customCode": "unsupported_chain",
  "message": "Chain 239 not found",
  "errorId": "1949a08c-8325-493c-b0b0-ff9d78545b23"
}; waiting 5 seconds before trying again (4 tries remaining)

Submitting verification for [DistributionCreator] "0x1EC107962898A50EDB21d83b102CCdF91750DE05".
Warning: Sourcify verification request for address (0x1EC107962898A50EDB21d83b102CCdF91750DE05) failed with status code 404 Not Found
Details: {
  "customCode": "unsupported_chain",
  "message": "Chain 239 not found",
  "errorId": "5010453c-c9d0-4573-8171-1dba07368552"
}; waiting 5 seconds before trying again (3 tries remaining)

Submitting verification for [DistributionCreator] "0x1EC107962898A50EDB21d83b102CCdF91750DE05".
Warning: Sourcify verification request for address (0x1EC107962898A50EDB21d83b102CCdF91750DE05) failed with status code 404 Not Found
Details: {
  "customCode": "unsupported_chain",
  "message": "Chain 239 not found",
  "errorId": "b10f1e00-b395-42fc-871d-61fb7fa7ab4d"
}; waiting 5 seconds before trying again (2 tries remaining)

Submitting verification for [DistributionCreator] "0x1EC107962898A50EDB21d83b102CCdF91750DE05".
Warning: Sourcify verification request for address (0x1EC107962898A50EDB21d83b102CCdF91750DE05) failed with status code 404 Not Found
Details: {
  "customCode": "unsupported_chain",
  "message": "Chain 239 not found",
  "errorId": "63dca130-8f47-42ad-8d3a-e59d85d78614"
}; waiting 5 seconds before trying again (1 tries remaining)

Submitting verification for [DistributionCreator] "0x1EC107962898A50EDB21d83b102CCdF91750DE05".
Warning: Sourcify verification request for address (0x1EC107962898A50EDB21d83b102CCdF91750DE05) failed with status code 404 Not Found
Details: {
  "customCode": "unsupported_chain",
  "message": "Chain 239 not found",
  "errorId": "fd9c66a0-dbe0-41fc-93b0-175134e83b7a"
}; waiting 5 seconds before trying again (0 tries remaining)

Submitting verification for [DistributionCreator] "0x1EC107962898A50EDB21d83b102CCdF91750DE05".
Error: Failed to verify contract: Sourcify verification request for address (0x1EC107962898A50EDB21d83b102CCdF91750DE05) failed with status code 404 Not Found
Details: {
  "customCode": "unsupported_chain",
  "message": "Chain 239 not found",
  "errorId": "54b5acce-c11c-47a3-8f24-9d2e953423cc"
}
Start verifying contract `0x9D941Ae205Aac1eb9c1BBb5F4235341af17Fe6b6` deployed on 239
EVM version: cancun
Compiler version: 0.8.25
Optimizations:    100
Attempting to verify on Sourcify. Pass the --etherscan-api-key <API_KEY> to verify on Etherscan, or use the --verifier flag to verify on another provider.

Submitting verification for [Distributor] "0x9D941Ae205Aac1eb9c1BBb5F4235341af17Fe6b6".
Warning: Sourcify verification request for address (0x9D941Ae205Aac1eb9c1BBb5F4235341af17Fe6b6) failed with status code 404 Not Found
Details: {
  "customCode": "unsupported_chain",
  "message": "Chain 239 not found",
  "errorId": "946c45f1-2091-4ea0-ae0f-c26a10f0cb28"
}; waiting 5 seconds before trying again (4 tries remaining)

Submitting verification for [Distributor] "0x9D941Ae205Aac1eb9c1BBb5F4235341af17Fe6b6".
Warning: Sourcify verification request for address (0x9D941Ae205Aac1eb9c1BBb5F4235341af17Fe6b6) failed with status code 404 Not Found
Details: {
  "customCode": "unsupported_chain",
  "message": "Chain 239 not found",
  "errorId": "e5bcb264-9c3c-4c1b-bddb-87672b45858f"
}; waiting 5 seconds before trying again (3 tries remaining)

Submitting verification for [Distributor] "0x9D941Ae205Aac1eb9c1BBb5F4235341af17Fe6b6".
Warning: Sourcify verification request for address (0x9D941Ae205Aac1eb9c1BBb5F4235341af17Fe6b6) failed with status code 404 Not Found
Details: {
  "customCode": "unsupported_chain",
  "message": "Chain 239 not found",
  "errorId": "38ae6049-c6ce-43d4-8234-ade45db4f3a6"
}; waiting 5 seconds before trying again (2 tries remaining)

Submitting verification for [Distributor] "0x9D941Ae205Aac1eb9c1BBb5F4235341af17Fe6b6".
Warning: Sourcify verification request for address (0x9D941Ae205Aac1eb9c1BBb5F4235341af17Fe6b6) failed with status code 404 Not Found
Details: {
  "customCode": "unsupported_chain",
  "message": "Chain 239 not found",
  "errorId": "e6a2658c-062a-44bd-aa62-9236b3a6d430"
}; waiting 5 seconds before trying again (1 tries remaining)

Submitting verification for [Distributor] "0x9D941Ae205Aac1eb9c1BBb5F4235341af17Fe6b6".
Warning: Sourcify verification request for address (0x9D941Ae205Aac1eb9c1BBb5F4235341af17Fe6b6) failed with status code 404 Not Found
Details: {
  "customCode": "unsupported_chain",
  "message": "Chain 239 not found",
  "errorId": "3de3043b-21c2-402f-9d01-8c58d83c6602"
}; waiting 5 seconds before trying again (0 tries remaining)

Submitting verification for [Distributor] "0x9D941Ae205Aac1eb9c1BBb5F4235341af17Fe6b6".
Error: Failed to verify contract: Sourcify verification request for address (0x9D941Ae205Aac1eb9c1BBb5F4235341af17Fe6b6) failed with status code 404 Not Found
Details: {
  "customCode": "unsupported_chain",
  "message": "Chain 239 not found",
  "errorId": "16c100d4-4026-4d2d-9a7f-bb9ba98459ab"
}

Transactions saved to: /Users/pabloveyrat/Documents/Angle/Dev/merkl-contracts/broadcast/deployUpgradeImplementationsSingle.s.sol/239/run-latest.json

Sensitive values saved to: /Users/pabloveyrat/Documents/Angle/Dev/merkl-contracts/cache-forge/deployUpgradeImplementationsSingle.s.sol/239/run-latest.json

Error: Not all (0 / 2) contracts were verified!
